rm solution debug -f
mpicxx -O3 solution.cc -o solution -std=c++20
32 cores
Rank: 0 Points: 313 took: 127 0.000124931
Rank: 22 Points: 312 took: 131 0.000128984
Rank: 25 Points: 312 took: 143 0.000139952
Rank: 10 Points: 313 took: 130 0.000128031
Rank: 26 Points: 312 took: 127 0.00012517
Rank: 29 Points: 312 took: 138 0.000135899
Rank: 27 Points: 312 took: 127 0.000125885
Rank: 2 Points: 313 took: 129 0.000126123
Rank: 30 Points: 312 took: 132 0.000129938
Rank: 19 Points: 312 took: 126 0.000123978
Rank: 17 Points: 312 took: 148 0.000147104
Rank: 7 Points: 313 took: 125 0.000123024
Rank: 13 Points: 313 took: 130 0.000129223
Rank: 8 Points: 313 took: 126 0.000124931
Rank: 15 Points: 313 took: 144 0.000141859
Rank: 21 Points: 312 took: 138 0.000136137
Rank: 1 Points: 313 took: 143 0.000139952
Rank: 24 Points: 312 took: 144 0.000142097
Rank: 14 Points: 313 took: 141 0.000139952
Rank: 31 Points: 312 took: 137 0.000135183
Rank: 3 Points: 313 took: 144 0.000142097
Rank: 16 Points: 312 took: 145 0.000143051
Rank: 11 Points: 313 took: 133 0.00013113
Rank: 23 Points: 312 took: 134 0.000132084
Rank: 5 Points: 313 took: 145 0.000149012
Rank: 12 Points: 313 took: 130 0.000128031
Rank: 28 Points: 312 took: 136 0.000134945
Rank: 4 Points: 313 took: 134 0.000131845
Rank: 18 Points: 312 took: 138 0.000134945
Rank: 20 Points: 312 took: 147 0.000144958
Rank: 6 Points: 313 took: 135 0.000133038
Rank: 9 Points: 313 took: 141 0.000138044
Rank: 25 generate center took: 438860 0.451793
Rank: 5 generate center took: 440469 0.451257
Rank: 15 generate center took: 443206 0.451662
Rank: 29 generate center took: 440059 0.451769
Rank: 9 generate center took: 440107 0.448225
Rank: 27 generate center took: 440452 0.451689
Rank: 21 generate center took: 442059 0.451642
Rank: 1 generate center took: 448191 0.451633
Rank: 31 generate center took: 440458 0.451636
Rank: 23 generate center took: 441223 0.451502
Rank: 19 generate center took: 439944 0.451641
Rank: 3 generate center took: 446389 0.451598
Rank: 17 generate center took: 441517 0.451665
Rank: 11 generate center took: 446337 0.451598
Rank: 13 generate center took: 446528 0.451835
Rank: 0 generate center took: 449209 0.455787
Rank: 16 generate center took: 451279 0.455594
Rank: 7 generate center took: 440490 0.455624
Rank: 8 generate center took: 445657 0.455546
Rank: 20 generate center took: 435275 0.4541
Rank: 4 generate center took: 445298 0.454861
Rank: 24 generate center took: 441757 0.455618
Rank: 12 generate center took: 449018 0.455121
Rank: 28 generate center took: 437023 0.455077
Rank: 18 generate center took: 448302 0.456243
Rank: 2 generate center took: 454061 0.457195
Rank: 26 generate center took: 449214 0.457348
Rank: 6 generate center took: 452858 0.464571
Rank: 22 generate center took: 459259 0.46677
Rank: 10 generate center took: 460501 0.466709
Rank: 30 generate center took: 456429 0.466702
Rank: 14 generate center took: 460180 0.466605
Rank: 0 k-means took: 24365 0.024888
Rank: 26 k-means took: 23191 0.0234199
Rank: 15 k-means took: 28722 0.028924
Rank: 29 k-means took: 28686 0.028924
Rank: 9 k-means took: 28703 0.0289111
Rank: 27 k-means took: 28721 0.028924
Rank: 2 k-means took: 23198 0.0234051
Rank: 30 k-means took: 13808 0.0139761
Rank: 21 k-means took: 28656 0.0289202
Rank: 28 k-means took: 24656 0.024889
Rank: 20 k-means took: 24588 0.024868
Rank: 4 k-means took: 24681 0.0248818
Rank: 1 k-means took: 28682 0.028908
Rank: 24 k-means took: 24651 0.0248759
Rank: 14 k-means took: 13810 0.013974
Rank: 31 k-means took: 28710 0.0289299
Rank: 23 k-means took: 28683 0.0289278
Rank: 6 k-means took: 13789 0.0139649
Rank: 19 k-means took: 28684 0.028919
Rank: 3 k-means took: 28692 0.0289149
Rank: 16 k-means took: 24580 0.024888
Rank: 17 k-means took: 28678 0.0289211
Rank: 7 k-means took: 24798 0.024956
Rank: 12 k-means took: 24662 0.0248859
Rank: 8 k-means took: 24682 0.0249009
Rank: 22 k-means took: 13757 0.013974
Rank: 5 k-means took: 28676 0.0289071
Rank: 10 k-means took: 13803 0.0139711
Rank: 18 k-means took: 23195 0.023406
Rank: 11 k-means took: 28712 0.0289199
Rank: 13 k-means took: 28653 0.0289211
Rank: 25 k-means took: 28700 0.028924
Rank: 0 localizing took: 53681 0.06762 with size: 297
Rank: 1 localizing took: 52516 0.0738041 with size: 280
Rank: 2 localizing took: 64332 0.0867071 with size: 260
Rank: 3 localizing took: 66384 0.0950279 with size: 348
Rank: 4 localizing took: 84105 0.108159 with size: 339
Rank: 5 localizing took: 117951 0.130286 with size: 295
Rank: 6 localizing took: 118786 0.146534 with size: 314
Rank: 7 localizing took: 128142 0.154679 with size: 251
Rank: 8 localizing took: 136270 0.161259 with size: 309
Rank: 9 localizing took: 161848 0.178603 with size: 301
Rank: 10 localizing took: 169756 0.190701 with size: 251
Rank: 11 localizing took: 186074 0.201903 with size: 264
Rank: 12 localizing took: 184864 0.20283 with size: 311
Rank: 13 localizing took: 201075 0.215981 with size: 231
Rank: 14 localizing took: 202089 0.234773 with size: 291
Rank: 15 localizing took: 214824 0.24269 with size: 296
Rank: 16 localizing took: 241089 0.264724 with size: 205
Rank: 17 localizing took: 243558 0.272744 with size: 313
Rank: 18 localizing took: 252752 0.280444 with size: 487
Rank: 20 localizing took: 244314 0.288427 with size: 259
Rank: 19 localizing took: 244292 0.288409 with size: 338
Rank: 21 localizing took: 262789 0.300698 with size: 272
Rank: 22 localizing took: 278201 0.308543 with size: 258
Rank: 24 localizing took: 279217 0.316288 with size: 331
Rank: 23 localizing took: 283553 0.316273 with size: 557
Rank: 27 localizing took: 293969 0.324013 with size: 284
Rank: 26 localizing took: 290056 0.324027 with size: 318
Rank: 25 localizing took: 290210 0.324007 with size: 310
Rank: 30 localizing took: 294191 0.329883 with size: 313
Rank: 31 localizing took: 290266 0.329883 with size: 580
Rank: 29 localizing took: 284133 0.329864 with size: 242
Rank: 28 localizing took: 273777 0.329845 with size: 295
Rank: 0 simulation took: 133013111 133.642 Iterated: 44
Rank: 27 simulation took: 132846961 133.386 Iterated: 44
Rank: 2 simulation took: 133071928 133.623 Iterated: 44
Rank: 28 simulation took: 132693598 133.38 Iterated: 44
Rank: 20 simulation took: 132703451 133.422 Iterated: 44
Rank: 4 simulation took: 133000698 133.602 Iterated: 44
Rank: 24 simulation took: 132802452 133.394 Iterated: 44
Rank: 14 simulation took: 133000772 133.475 Iterated: 44
Rank: 31 simulation took: 132578418 133.38 Iterated: 44
Rank: 6 simulation took: 132981308 133.564 Iterated: 44
Rank: 19 simulation took: 132805450 133.422 Iterated: 44
Rank: 16 simulation took: 132880114 133.445 Iterated: 44
Rank: 17 simulation took: 132926095 133.437 Iterated: 44
Rank: 7 simulation took: 132328971 133.555 Iterated: 44
Rank: 11 simulation took: 132961690 133.508 Iterated: 44
Rank: 13 simulation took: 133009847 133.494 Iterated: 44
Rank: 12 simulation took: 132979242 133.507 Iterated: 44
Rank: 8 simulation took: 132880398 133.549 Iterated: 44
Rank: 5 simulation took: 132787293 133.58 Iterated: 44
Rank: 10 simulation took: 133051300 133.519 Iterated: 44
Rank: 18 simulation took: 132815333 133.43 Iterated: 44
Rank: 26 simulation took: 132847829 133.386 Iterated: 44
Rank: 29 simulation took: 132767051 133.38 Iterated: 44
Rank: 9 simulation took: 132988301 133.531 Iterated: 44
Rank: 25 simulation took: 132822645 133.386 Iterated: 44
Rank: 22 simulation took: 132873394 133.402 Iterated: 44
Rank: 15 simulation took: 132993920 133.467 Iterated: 44
Rank: 30 simulation took: 132639634 133.38 Iterated: 44
Rank: 21 simulation took: 132794359 133.409 Iterated: 44
Rank: 1 simulation took: 133060731 133.636 Iterated: 44
Rank: 23 simulation took: 132679267 133.394 Iterated: 44
Rank: 3 simulation took: 133096621 133.615 Iterated: 44
