rm solution debug -f
mpicxx -O3 solution.cc -o solution -std=c++20
2 cores
srun: warning: can't run 2 processes on 8 nodes, setting nnodes to 2
Rank: 0 Points: 5000 took: 1374 0.00138283
Rank: 1 Points: 5000 took: 1437 0.00144506
Rank: 0 generate center took: 12160 0.0157568
Rank: 0 k-means took: 4904 0.00492501
Rank: 0 localizing took: 2743 0.00275707 with size: 5048
Rank: 1 generate center took: 10893 0.011297
Rank: 1 k-means took: 4896 0.00492096
Rank: 1 localizing took: 2812 0.00285101 with size: 4952
Rank: 0 simulation took: 309433217 311.198 Iterated: 44
Rank: 1 simulation took: 309383528 311.198 Iterated: 44
4 cores
srun: warning: can't run 4 processes on 8 nodes, setting nnodes to 4
Rank: 0 Points: 2500 took: 710 0.00071311
Rank: 2 Points: 2500 took: 714 0.00071907
Rank: 3 Points: 2500 took: 714 0.000712872
Rank: 1 Points: 2500 took: 742 0.000745058
Rank: 0 generate center took: 39037 0.0441248
Rank: 2 generate center took: 42657 0.0435181
Rank: 3 generate center took: 34877 0.041357
Rank: 1 generate center took: 35934 0.03917
Rank: 0 k-means took: 4373 0.00444198
Rank: 1 k-means took: 4333 0.00438905
Rank: 2 k-means took: 4448 0.00447202
Rank: 3 k-means took: 4372 0.00439501
Rank: 0 localizing took: 8516 0.00861979 with size: 2572
Rank: 1 localizing took: 10352 0.01317 with size: 2518
Rank: 2 localizing took: 11802 0.0132151 with size: 2406
Rank: 3 localizing took: 11548 0.013185 with size: 2504
Rank: 0 simulation took: 217400526 218.571 Iterated: 43
Rank: 1 simulation took: 217313532 218.566 Iterated: 43
Rank: 3 simulation took: 217429376 218.566 Iterated: 43
Rank: 2 simulation took: 217336944 218.566 Iterated: 43
8 cores
Rank: 7 Points: 1250 took: 386 0.000384092
Rank: 6 Points: 1250 took: 380 0.000384092
Rank: 4 Points: 1250 took: 371 0.000370026
Rank: 0 Points: 1250 took: 411 0.000447989
Rank: 2 Points: 1250 took: 396 0.00039506
Rank: 3 Points: 1250 took: 402 0.000400066
Rank: 5 Points: 1250 took: 390 0.000388145
Rank: 1 Points: 1250 took: 402 0.000408173
Rank: 0 generate center took: 166100 0.17731
Rank: 1 generate center took: 163535 0.172646
Rank: 3 generate center took: 164670 0.174703
Rank: 4 generate center took: 171338 0.177648
Rank: 6 generate center took: 171202 0.177905
Rank: 2 generate center took: 166412 0.17551
Rank: 7 generate center took: 174103 0.179033
Rank: 5 generate center took: 165934 0.173824
Rank: 0 k-means took: 8197 0.00830007
Rank: 3 k-means took: 8301 0.00834894
Rank: 2 k-means took: 8320 0.0083611
Rank: 4 k-means took: 8313 0.00834799
Rank: 6 k-means took: 8302 0.0083518
Rank: 1 k-means took: 8309 0.00835109
Rank: 5 k-means took: 8298 0.00833297
Rank: 7 k-means took: 8342 0.00837708
Rank: 0 localizing took: 8980 0.0119312 with size: 1249
Rank: 1 localizing took: 7266 0.0119779 with size: 1345
Rank: 4 localizing took: 17258 0.0186291 with size: 1211
Rank: 3 localizing took: 16306 0.0186582 with size: 1301
Rank: 2 localizing took: 18574 0.0186558 with size: 1199
Rank: 5 localizing took: 14939 0.0186589 with size: 1363
Rank: 6 localizing took: 15602 0.0187049 with size: 1134
Rank: 7 localizing took: 17330 0.0187249 with size: 1198
Rank: 0 simulation took: 185512358 186.49 Iterated: 43
Rank: 5 simulation took: 185318096 186.484 Iterated: 43
Rank: 3 simulation took: 185492141 186.484 Iterated: 43
Rank: 2 simulation took: 185515818 186.484 Iterated: 43
Rank: 1 simulation took: 185475874 186.49 Iterated: 43
Rank: 4 simulation took: 185699431 186.484 Iterated: 43
Rank: 6 simulation took: 185303027 186.483 Iterated: 43
Rank: 7 simulation took: 185679881 186.484 Iterated: 43
