rm solution debug -f
mpicxx -O3 solution.cc -o solution -std=c++20
32 cores
Rank: 17 Points: 312 took: 128 0.000125885
Rank: 26 Points: 312 took: 134 0.000132084
Rank: 20 Points: 312 took: 133 0.000135899
Rank: 23 Points: 312 took: 128 0.00013113
Rank: 15 Points: 313 took: 134 0.000133038
Rank: 27 Points: 312 took: 136 0.000137806
Rank: 22 Points: 312 took: 142 0.000145912
Rank: 29 Points: 312 took: 127 0.000125885
Rank: 5 Points: 313 took: 129 0.000128031
Rank: 21 Points: 312 took: 129 0.000125885
Rank: 16 Points: 312 took: 138 0.000135899
Rank: 0 Points: 313 took: 137 0.000163078
Rank: 4 Points: 313 took: 125 0.00012207
Rank: 3 Points: 313 took: 130 0.000128984
Rank: 24 Points: 312 took: 130 0.000128031
Rank: 28 Points: 312 took: 138 0.000134945
Rank: 30 Points: 312 took: 135 0.000137091
Rank: 7 Points: 313 took: 137 0.000185013
Rank: 8 Points: 313 took: 129 0.000126123
Rank: 13 Points: 313 took: 124 0.000121117
Rank: 9 Points: 313 took: 131 0.000128984
Rank: 11 Points: 313 took: 129 0.000124931
Rank: 25 Points: 312 took: 122 0.000119209
Rank: 10 Points: 313 took: 124 0.000121117
Rank: 1 Points: 313 took: 133 0.000132084
Rank: 19 Points: 312 took: 150 0.000147104
Rank: 31 Points: 312 took: 145 0.000142813
Rank: 2 Points: 313 took: 123 0.000120163
Rank: 6 Points: 313 took: 131 0.000128031
Rank: 18 Points: 312 took: 162 0.000158787
Rank: 12 Points: 313 took: 138 0.000139952
Rank: 14 Points: 313 took: 163 0.000161171
Rank: 5 generate center took: 445603 0.454327
Rank: 31 generate center took: 437910 0.45179
Rank: 23 generate center took: 448069 0.455006
Rank: 17 generate center took: 445445 0.456196
Rank: 9 generate center took: 441865 0.452636
Rank: 11 generate center took: 439423 0.452657
Rank: 25 generate center took: 441377 0.452646
Rank: 13 generate center took: 442574 0.452709
Rank: 15 generate center took: 445533 0.45488
Rank: 1 generate center took: 446620 0.452217
Rank: 3 generate center took: 447893 0.453532
Rank: 29 generate center took: 442972 0.454485
Rank: 21 generate center took: 444230 0.454011
Rank: 27 generate center took: 443722 0.454692
Rank: 19 generate center took: 436563 0.452127
Rank: 8 generate center took: 456552 0.461968
Rank: 0 generate center took: 450502 0.463088
Rank: 7 generate center took: 452252 0.461955
Rank: 24 generate center took: 455040 0.462553
Rank: 4 generate center took: 456003 0.462789
Rank: 20 generate center took: 454057 0.464861
Rank: 12 generate center took: 447071 0.460495
Rank: 28 generate center took: 447449 0.462168
Rank: 16 generate center took: 454877 0.463136
Rank: 2 generate center took: 457683 0.463546
Rank: 18 generate center took: 451115 0.463049
Rank: 26 generate center took: 462044 0.46787
Rank: 10 generate center took: 460414 0.472985
Rank: 30 generate center took: 461770 0.473564
Rank: 6 generate center took: 463286 0.472532
Rank: 14 generate center took: 453719 0.470326
Rank: 22 generate center took: 466817 0.475512
Rank: 31 k-means took: 33509 0.0336921
Rank: 23 k-means took: 33538 0.0336928
Rank: 24 k-means took: 24388 0.0244741
Rank: 0 k-means took: 24032 0.0243208
Rank: 8 k-means took: 24384 0.0244739
Rank: 30 k-means took: 12878 0.0129471
Rank: 10 k-means took: 12834 0.012912
Rank: 2 k-means took: 21663 0.0219438
Rank: 18 k-means took: 21813 0.0219162
Rank: 19 k-means took: 33511 0.03368
Rank: 11 k-means took: 33488 0.0337
Rank: 1 k-means took: 33480 0.0336771
Rank: 6 k-means took: 12855 0.012923
Rank: 26 k-means took: 21898 0.0219541
Rank: 21 k-means took: 33442 0.0336869
Rank: 4 k-means took: 24313 0.0244691
Rank: 25 k-means took: 33548 0.0337071
Rank: 17 k-means took: 33569 0.0337079
Rank: 22 k-means took: 12865 0.0129311
Rank: 5 k-means took: 33566 0.03374
Rank: 28 k-means took: 24319 0.024456
Rank: 29 k-means took: 33482 0.033684
Rank: 27 k-means took: 33527 0.033695
Rank: 13 k-means took: 33561 0.0337031
Rank: 9 k-means took: 33514 0.033704
Rank: 3 k-means took: 33463 0.03368
Rank: 12 k-means took: 24336 0.0244551
Rank: 7 k-means took: 24436 0.024524
Rank: 20 k-means took: 24338 0.0244799
Rank: 14 k-means took: 12847 0.0129199
Rank: 15 k-means took: 33544 0.0337059
Rank: 16 k-means took: 24292 0.024451
Rank: 0 localizing took: 41002 0.068594 with size: 297
Rank: 1 localizing took: 63508 0.0858569 with size: 280
Rank: 2 localizing took: 85017 0.105143 with size: 260
Rank: 3 localizing took: 88703 0.110925 with size: 348
Rank: 4 localizing took: 103411 0.125116 with size: 339
Rank: 5 localizing took: 128277 0.145787 with size: 295
Rank: 6 localizing took: 137214 0.158427 with size: 314
Rank: 7 localizing took: 143442 0.164964 with size: 251
Rank: 8 localizing took: 169021 0.187051 with size: 309
Rank: 9 localizing took: 176131 0.199269 with size: 301
Rank: 10 localizing took: 168756 0.207683 with size: 251
Rank: 11 localizing took: 181482 0.213068 with size: 264
Rank: 12 localizing took: 179831 0.217467 with size: 311
Rank: 13 localizing took: 196209 0.227454 with size: 231
Rank: 14 localizing took: 197451 0.234301 with size: 291
Rank: 15 localizing took: 205341 0.243133 with size: 296
Rank: 16 localizing took: 226252 0.260638 with size: 205
Rank: 17 localizing took: 246859 0.273957 with size: 313
Rank: 18 localizing took: 251130 0.281499 with size: 487
Rank: 19 localizing took: 268102 0.303925 with size: 338
Rank: 20 localizing took: 273394 0.303914 with size: 259
Rank: 21 localizing took: 285500 0.312885 with size: 272
Rank: 22 localizing took: 284018 0.320962 with size: 258
Rank: 24 localizing took: 301126 0.334032 with size: 331
Rank: 23 localizing took: 302941 0.334101 with size: 557
Rank: 25 localizing took: 309220 0.33866 with size: 310
Rank: 26 localizing took: 311015 0.338681 with size: 318
Rank: 27 localizing took: 306710 0.338667 with size: 284
Rank: 31 localizing took: 304849 0.339983 with size: 580
Rank: 30 localizing took: 310986 0.339968 with size: 313
Rank: 28 localizing took: 285283 0.339932 with size: 295
Rank: 29 localizing took: 306970 0.339963 with size: 242
Rank: 23 simulation took: 105196445 105.949 Iterated: 44
Rank: 0 simulation took: 105747905 106.214 Iterated: 44
Rank: 8 simulation took: 105579111 106.096 Iterated: 44
Rank: 31 simulation took: 105386499 105.943 Iterated: 44
Rank: 24 simulation took: 105524966 105.949 Iterated: 44
Rank: 7 simulation took: 105639038 106.118 Iterated: 44
Rank: 17 simulation took: 105562803 106.009 Iterated: 44
Rank: 6 simulation took: 105525719 106.125 Iterated: 44
Rank: 26 simulation took: 105583373 105.945 Iterated: 44
Rank: 16 simulation took: 105547016 106.023 Iterated: 44
Rank: 10 simulation took: 105640708 106.076 Iterated: 44
Rank: 9 simulation took: 105552539 106.084 Iterated: 44
Rank: 11 simulation took: 105352801 106.07 Iterated: 44
Rank: 25 simulation took: 105229568 105.945 Iterated: 44
Rank: 5 simulation took: 105671946 106.138 Iterated: 44
Rank: 14 simulation took: 105527134 106.049 Iterated: 44
Rank: 13 simulation took: 105344933 106.056 Iterated: 44
Rank: 12 simulation took: 105542228 106.066 Iterated: 44
Rank: 20 simulation took: 105293689 105.979 Iterated: 44
Rank: 18 simulation took: 105396853 106.002 Iterated: 44
Rank: 2 simulation took: 105627464 106.178 Iterated: 44
Rank: 4 simulation took: 105663455 106.158 Iterated: 44
Rank: 30 simulation took: 105466794 105.943 Iterated: 44
Rank: 3 simulation took: 105550579 106.172 Iterated: 44
Rank: 29 simulation took: 105423934 105.943 Iterated: 44
Rank: 21 simulation took: 105345031 105.971 Iterated: 44
Rank: 15 simulation took: 105525089 106.04 Iterated: 44
Rank: 27 simulation took: 105474590 105.945 Iterated: 44
Rank: 19 simulation took: 105355709 105.979 Iterated: 44
Rank: 22 simulation took: 105400041 105.962 Iterated: 44
Rank: 28 simulation took: 105478655 105.943 Iterated: 44
Rank: 1 simulation took: 105644302 106.198 Iterated: 44
