rm solution debug -f
mpicxx -O3 solution.cc -o solution -std=c++20
2 cores
Rank: 0 Points: 5000 took: 1357 0.001369
Rank: 1 Points: 5000 took: 1374 0.00138402
Rank: 0 generate center took: 15150 0.0176041
Rank: 0 k-means took: 1 9.53674e-07
Rank: 1 generate center took: 14921 0.0171809
Rank: 1 k-means took: 2 1.90735e-06
Rank: 0 k-means took: 1205 0.00134516
Rank: 1 k-means took: 1233 0.00134397
Rank: 0 localizing took: 2422 0.00247502 with size: 5509
Rank: 1 localizing took: 2509 0.00257301 with size: 4491
Large variance
Rank: 0 simulation took: 185823408 186.61 Iterated: 22
Large variance
Rank: 1 simulation took: 185732970 186.61 Iterated: 22
4 cores
Rank: 0 Points: 2500 took: 734 0.000731945
Rank: 1 Points: 2500 took: 734 0.000736952
Rank: 3 Points: 2500 took: 741 0.000742912
Rank: 2 Points: 2500 took: 725 0.000724077
Rank: 0 generate center took: 43811 0.0469291
Rank: 0 k-means took: 1 9.53674e-07
Rank: 2 generate center took: 39926 0.0460331
Rank: 2 k-means took: 3 3.09944e-06
Rank: 3 generate center took: 42352 0.046495
Rank: 3 k-means took: 3 3.09944e-06
Rank: 1 generate center took: 42630 0.04686
Rank: 1 k-means took: 3 2.86102e-06
Rank: 0 k-means took: 1756 0.00188398
Rank: 3 k-means took: 1707 0.00181389
Rank: 2 k-means took: 1768 0.00188708
Rank: 1 k-means took: 1700 0.00180721
Rank: 0 localizing took: 4781 0.00707006 with size: 2906
Rank: 2 localizing took: 5366 0.00780892 with size: 1660
Rank: 3 localizing took: 6378 0.00786304 with size: 2918
Rank: 1 localizing took: 5680 0.00779796 with size: 2516
Large variance
Rank: 0 simulation took: 136198916 136.734 Iterated: 23
Large variance
Rank: 2 simulation took: 136088414 136.734 Iterated: 23
Large variance
Rank: 3 simulation took: 136074289 136.733 Iterated: 23
Large variance
Rank: 1 simulation took: 136066606 136.733 Iterated: 23
8 cores
Rank: 0 Points: 1250 took: 391 0.000388861
Rank: 6 Points: 1250 took: 379 0.00037694
Rank: 4 Points: 1250 took: 386 0.000386953
Rank: 2 Points: 1250 took: 390 0.00039196
Rank: 1 Points: 1250 took: 403 0.000405073
Rank: 3 Points: 1250 took: 409 0.000406027
Rank: 5 Points: 1250 took: 364 0.000365973
Rank: 7 Points: 1250 took: 428 0.0004251
Rank: 0 generate center took: 148921 0.154885
Rank: 0 k-means took: 0 0
Rank: 5 generate center took: 149101 0.154427
Rank: 5 k-means took: 4 4.05312e-06
Rank: 3 generate center took: 148651 0.154662
Rank: 3 k-means took: 6 5.00679e-06
Rank: 2 generate center took: 143902 0.15467
Rank: 2 k-means took: 5 5.96046e-06
Rank: 1 generate center took: 146969 0.154679
Rank: 1 k-means took: 6 5.96046e-06
Rank: 7 generate center took: 142076 0.152294
Rank: 7 k-means took: 6 5.96046e-06
Rank: 6 generate center took: 147258 0.154898
Rank: 6 k-means took: 5 4.76837e-06
Rank: 4 generate center took: 144794 0.154786
Rank: 4 k-means took: 5 5.00679e-06
Rank: 0 k-means took: 2950 0.00313282
Rank: 5 k-means took: 3009 0.00312996
Rank: 3 k-means took: 3000 0.0031302
Rank: 1 k-means took: 3006 0.00313497
Rank: 2 k-means took: 2986 0.00313616
Rank: 6 k-means took: 3006 0.00313282
Rank: 4 k-means took: 3002 0.00313091
Rank: 7 k-means took: 2975 0.00312209
Rank: 0 localizing took: 8681 0.0110312 with size: 1115
Rank: 1 localizing took: 9026 0.0110219 with size: 688
Rank: 4 localizing took: 14832 0.0173249 with size: 2035
Rank: 5 localizing took: 14788 0.0173559 with size: 794
Rank: 6 localizing took: 16058 0.0173941 with size: 2003
Rank: 3 localizing took: 15131 0.0173521 with size: 704
Rank: 2 localizing took: 17118 0.01736 with size: 1882
Rank: 7 localizing took: 15259 0.0174041 with size: 779
Large variance
Rank: 0 simulation took: 113576848 114.044 Iterated: 23
Large variance
Rank: 6 simulation took: 113544180 114.038 Iterated: 23
Large variance
Rank: 4 simulation took: 113525814 114.038 Iterated: 23
Large variance
Rank: 5 simulation took: 113608618 114.038 Iterated: 23
Large variance
Rank: 3 simulation took: 113539308 114.038 Iterated: 23
Large variance
Rank: 7 simulation took: 113515504 114.038 Iterated: 23
Large variance
Large variance
Rank: 1 simulation took: 113542421 114.044 Iterated: 23
Rank: 2 simulation took: 113454142 114.038 Iterated: 23
16 cores
Rank: 0 Points: 625 took: 208 0.00020504
Rank: 10 Points: 625 took: 211 0.000208855
Rank: 8 Points: 625 took: 222 0.000219822
Rank: 5 Points: 625 took: 206 0.000204086
Rank: 14 Points: 625 took: 210 0.000212908
Rank: 15 Points: 625 took: 218 0.000216961
Rank: 6 Points: 625 took: 202 0.000200033
Rank: 2 Points: 625 took: 221 0.000218868
Rank: 13 Points: 625 took: 222 0.000219107
Rank: 3 Points: 625 took: 220 0.000216961
Rank: 4 Points: 625 took: 213 0.000216007
Rank: 11 Points: 625 took: 215 0.0002141
Rank: 9 Points: 625 took: 219 0.000217915
Rank: 12 Points: 625 took: 230 0.000227928
Rank: 1 Points: 625 took: 218 0.000216007
Rank: 7 Points: 625 took: 217 0.0002141
Rank: 0 generate center took: 238853 0.245027
Rank: 0 k-means took: 1 9.53674e-07
Rank: 8 generate center took: 237795 0.244978
Rank: 8 k-means took: 5 5.00679e-06
Rank: 5 generate center took: 242422 0.244952
Rank: 5 k-means took: 4 3.8147e-06
Rank: 3 generate center took: 236913 0.244879
Rank: 3 k-means took: 6 5.96046e-06
Rank: 2 generate center took: 242001 0.244869
Rank: 2 k-means took: 6 5.96046e-06
Rank: 15 generate center took: 236735 0.244937
Rank: 15 k-means took: 5 4.76837e-06
Rank: 4 generate center took: 239689 0.244902
Rank: 4 k-means took: 6 5.00679e-06
Rank: 11 generate center took: 237988 0.244887
Rank: 11 k-means took: 6 5.96046e-06
Rank: 9 generate center took: 238897 0.244868
Rank: 9 k-means took: 7 6.19888e-06
Rank: 12 generate center took: 238309 0.244864
Rank: 12 k-means took: 5 5.00679e-06
Rank: 14 generate center took: 238317 0.244823
Rank: 7 generate center took: 233244 0.239494
Rank: 7 k-means took: 8 8.10623e-06
Rank: 14 k-means took: 7 6.91414e-06
Rank: 1 generate center took: 238061 0.24481
Rank: 1 k-means took: 4 5.00679e-06
Rank: 6 generate center took: 241214 0.244916
Rank: 6 k-means took: 5 5.00679e-06
Rank: 10 generate center took: 242341 0.244977
Rank: 10 k-means took: 6 5.96046e-06
Rank: 13 generate center took: 240187 0.244907
Rank: 13 k-means took: 5 5.00679e-06
Rank: 0 k-means took: 5666 0.00595403
Rank: 5 k-means took: 5815 0.00595999
Rank: 2 k-means took: 5802 0.00595403
Rank: 10 k-means took: 5826 0.00596189
Rank: 8 k-means took: 5808 0.00596023
Rank: 9 k-means took: 5805 0.00595808
Rank: 3 k-means took: 5793 0.00595903
Rank: 6 k-means took: 5823 0.00596404
Rank: 15 k-means took: 5812 0.00595808
Rank: 4 k-means took: 5805 0.00596714
Rank: 11 k-means took: 5821 0.00596404
Rank: 14 k-means took: 5777 0.00580001
Rank: 13 k-means took: 5763 0.00595093
Rank: 7 k-means took: 5767 0.00593996
Rank: 12 k-means took: 5809 0.00595689
Rank: 1 k-means took: 5815 0.00594997
Rank: 0 localizing took: 41520 0.048569 with size: 908
Rank: 1 localizing took: 41281 0.048553 with size: 867
Rank: 2 localizing took: 46516 0.0543759 with size: 334
Rank: 3 localizing took: 60478 0.0657079 with size: 374
Rank: 5 localizing took: 71566 0.080323 with size: 895
Rank: 4 localizing took: 71223 0.0803702 with size: 391
Rank: 6 localizing took: 71930 0.0814519 with size: 981
Rank: 7 localizing took: 86651 0.0981479 with size: 416
Rank: 14 localizing took: 94118 0.103327 with size: 623
Rank: 8 localizing took: 94787 0.103425 with size: 790
Rank: 11 localizing took: 93307 0.10338 with size: 368
Rank: 10 localizing took: 92101 0.103418 with size: 397
Rank: 15 localizing took: 98945 0.103439 with size: 485
Rank: 13 localizing took: 96852 0.103402 with size: 660
Rank: 12 localizing took: 96160 0.103391 with size: 839
Rank: 9 localizing took: 95467 0.103427 with size: 672
Large variance
Rank: 0 simulation took: 59455541 59.7086 Iterated: 22
Large variance
Rank: 4 simulation took: 59439373 59.6768 Iterated: 22
Large variance
Rank: 13 simulation took: 59373077 59.6538 Iterated: 22
Large variance
Rank: 7 simulation took: 59379371 59.6591 Iterated: 22
Large variance
Rank: 11 simulation took: 59382268 59.6538 Iterated: 22
Large variance
Rank: 9 simulation took: 59390300 59.6538 Iterated: 22
Large variance
Rank: 12 simulation took: 59386180 59.6538 Iterated: 22
Large variance
Rank: 3 simulation took: 59416496 59.6915 Iterated: 22
Large variance
Large variance
Large variance
Rank: 1 simulation took: 59416152 59.7087 Iterated: 22
Large variance
Rank: 6 simulation took: 59412000 59.6759 Iterated: 22
Large variance
Rank: 10 simulation took: 59392428 59.6538 Iterated: 22
Large variance
Rank: 8 simulation took: 59363994 59.6538 Iterated: 22
Large variance
Rank: 15 simulation took: 59409402 59.6538 Iterated: 22
Large variance
Rank: 5 simulation took: 59426703 59.6768 Iterated: 22
Rank: 14 simulation took: 59342693 59.6537 Iterated: 22
Rank: 2 simulation took: 59429084 59.7029 Iterated: 22
