rm solution debug -f
mpicxx -O3 solution.cc -o solution -std=c++20
16 cores
Rank: 3 Points: 625 took: 213 0.000211
Rank: 0 Points: 625 took: 222 0.000223875
Rank: 4 Points: 625 took: 216 0.000221968
Rank: 6 Points: 625 took: 203 0.00019908
Rank: 11 Points: 625 took: 207 0.000205994
Rank: 14 Points: 625 took: 213 0.000212193
Rank: 8 Points: 625 took: 213 0.0002141
Rank: 10 Points: 625 took: 220 0.00022912
Rank: 9 Points: 625 took: 216 0.0002141
Rank: 15 Points: 625 took: 211 0.000209093
Rank: 13 Points: 625 took: 209 0.000206947
Rank: 12 Points: 625 took: 216 0.00022006
Rank: 5 Points: 625 took: 213 0.000211
Rank: 2 Points: 625 took: 214 0.000211
Rank: 7 Points: 625 took: 212 0.000209093
Rank: 1 Points: 625 took: 220 0.000219107
Rank: 0 generate center took: 256838 0.266596
Rank: 8 generate center took: 258089 0.265487
Rank: 14 generate center took: 263275 0.26585
Rank: 7 generate center took: 252797 0.261334
Rank: 11 generate center took: 259498 0.266028
Rank: 3 generate center took: 260070 0.26678
Rank: 10 generate center took: 258956 0.264975
Rank: 5 generate center took: 255015 0.261899
Rank: 1 generate center took: 247647 0.259178
Rank: 9 generate center took: 259465 0.264802
Rank: 15 generate center took: 255978 0.264466
Rank: 13 generate center took: 255776 0.264232
Rank: 4 generate center took: 260331 0.266126
Rank: 6 generate center took: 257824 0.265982
Rank: 12 generate center took: 256494 0.262799
Rank: 2 generate center took: 248143 0.261222
Rank: 8 k-means took: 5935 0.00599694
Rank: 14 k-means took: 5991 0.0060091
Rank: 0 k-means took: 5743 0.00592899
Rank: 7 k-means took: 5965 0.00597715
Rank: 11 k-means took: 5996 0.00601792
Rank: 3 k-means took: 5965 0.00600004
Rank: 5 k-means took: 5927 0.00595498
Rank: 10 k-means took: 5928 0.00599289
Rank: 1 k-means took: 5935 0.00596189
Rank: 9 k-means took: 5934 0.00598812
Rank: 15 k-means took: 5951 0.00601101
Rank: 13 k-means took: 5971 0.00599098
Rank: 4 k-means took: 5949 0.00598621
Rank: 6 k-means took: 5979 0.0060029
Rank: 12 k-means took: 5957 0.00598598
Rank: 2 k-means took: 5965 0.00599003
Rank: 0 localizing took: 26432 0.036694 with size: 871
Rank: 1 localizing took: 38784 0.0506182 with size: 571
Rank: 2 localizing took: 44863 0.0553129 with size: 555
Rank: 3 localizing took: 52593 0.0602031 with size: 597
Rank: 4 localizing took: 64398 0.072715 with size: 561
Rank: 5 localizing took: 62715 0.078691 with size: 641
Rank: 11 localizing took: 87347 0.095777 with size: 674
Rank: 10 localizing took: 81920 0.095758 with size: 635
Rank: 9 localizing took: 87607 0.0957539 with size: 637
Rank: 8 localizing took: 86367 0.095809 with size: 581
Rank: 14 localizing took: 87809 0.095834 with size: 616
Rank: 13 localizing took: 87405 0.0957999 with size: 639
Rank: 15 localizing took: 85777 0.0958269 with size: 576
Rank: 6 localizing took: 88069 0.0957839 with size: 633
Rank: 12 localizing took: 87369 0.0957661 with size: 637
Rank: 7 localizing took: 87676 0.095803 with size: 576
Rank: 0 simulation took: 182041456 182.927 Iterated: 44
Rank: 6 simulation took: 182113132 182.868 Iterated: 44
Rank: 7 simulation took: 181807002 182.868 Iterated: 44
Rank: 15 simulation took: 182061130 182.868 Iterated: 44
Rank: 11 simulation took: 181751673 182.868 Iterated: 44
Rank: 8 simulation took: 181683446 182.868 Iterated: 44
Rank: 14 simulation took: 182261723 182.868 Iterated: 44
Rank: 1 simulation took: 181715852 182.913 Iterated: 44
Rank: 13 simulation took: 181609982 182.868 Iterated: 44
Rank: 12 simulation took: 182129995 182.868 Iterated: 44
Rank: 5 simulation took: 182045589 182.885 Iterated: 44
Rank: 9 simulation took: 181811150 182.868 Iterated: 44
Rank: 10 simulation took: 181985871 182.868 Iterated: 44
Rank: 3 simulation took: 181649708 182.903 Iterated: 44
Rank: 2 simulation took: 181965265 182.908 Iterated: 44
Rank: 4 simulation took: 181870497 182.891 Iterated: 44
