rm solution debug -f
mpicxx -O3 solution.cc -o solution -std=c++20
32 cores
spartan-bm025.hpc.unimelb.edu.au:rank4.solution: Failed to modify UD QP to INIT on mlx5_bond_0: Invalid argument
spartan-bm007.hpc.unimelb.edu.au:rank0.solution: Failed to modify UD QP to INIT on mlx5_bond_0: Invalid argument
spartan-bm027.hpc.unimelb.edu.au:rank5.solution: Failed to modify UD QP to INIT on mlx5_bond_0: Invalid argument
spartan-bm019.hpc.unimelb.edu.au:rank2.solution: Failed to modify UD QP to INIT on mlx5_bond_0: Invalid argument
spartan-bm025.hpc.unimelb.edu.au:rank4.solution: Failed to modify UD QP to INIT on mlx5_bond_0: Invalid argument
spartan-bm007.hpc.unimelb.edu.au:rank0.solution: Failed to modify UD QP to INIT on mlx5_bond_0: Invalid argument
spartan-bm027.hpc.unimelb.edu.au:rank5.solution: Failed to modify UD QP to INIT on mlx5_bond_0: Invalid argument
spartan-bm019.hpc.unimelb.edu.au:rank2.solution: Failed to modify UD QP to INIT on mlx5_bond_0: Invalid argument
spartan-bm025.hpc.unimelb.edu.au:rank4.solution: Failed to modify UD QP to INIT on mlx5_bond_0: Invalid argument
spartan-bm039.hpc.unimelb.edu.au:rank6.solution: Failed to modify UD QP to INIT on mlx5_bond_0: Invalid argument
spartan-bm007.hpc.unimelb.edu.au:rank0.solution: Failed to modify UD QP to INIT on mlx5_bond_0: Invalid argument
spartan-bm027.hpc.unimelb.edu.au:rank5.solution: Failed to modify UD QP to INIT on mlx5_bond_0: Invalid argument
spartan-bm019.hpc.unimelb.edu.au:rank2.solution: Failed to modify UD QP to INIT on mlx5_bond_0: Invalid argument
spartan-bm022.hpc.unimelb.edu.au:rank3.solution: Failed to modify UD QP to INIT on mlx5_bond_0: Invalid argument
spartan-bm039.hpc.unimelb.edu.au:rank6.solution: Failed to modify UD QP to INIT on mlx5_bond_0: Invalid argument
spartan-bm022.hpc.unimelb.edu.au:rank3.solution: Failed to modify UD QP to INIT on mlx5_bond_0: Invalid argument
spartan-bm008.hpc.unimelb.edu.au:rank1.solution: Failed to modify UD QP to INIT on mlx5_bond_0: Invalid argument
spartan-bm039.hpc.unimelb.edu.au:rank6.solution: Failed to modify UD QP to INIT on mlx5_bond_0: Invalid argument
spartan-bm022.hpc.unimelb.edu.au:rank3.solution: Failed to modify UD QP to INIT on mlx5_bond_0: Invalid argument
spartan-bm008.hpc.unimelb.edu.au:rank1.solution: Failed to modify UD QP to INIT on mlx5_bond_0: Invalid argument
spartan-bm008.hpc.unimelb.edu.au:rank1.solution: Failed to modify UD QP to INIT on mlx5_bond_0: Invalid argument
Rank: 0 Points: 313 took: 138 0.000134945
Rank: 11 Points: 313 took: 146 0.000143051
Rank: 30 Points: 312 took: 140 0.000137091
Rank: 4 Points: 313 took: 122 0.000120163
Rank: 22 Points: 312 took: 141 0.000138998
Rank: 28 Points: 312 took: 137 0.000135183
Rank: 20 Points: 312 took: 134 0.000130892
Rank: 26 Points: 312 took: 144 0.000144958
Rank: 5 Points: 313 took: 133 0.000130892
Rank: 3 Points: 313 took: 124 0.000121832
Rank: 7 Points: 313 took: 145 0.000143051
Rank: 18 Points: 312 took: 139 0.000135899
Rank: 9 Points: 313 took: 141 0.000139952
Rank: 17 Points: 312 took: 132 0.000128031
Rank: 31 Points: 312 took: 132 0.000129938
Rank: 19 Points: 312 took: 129 0.000125885
Rank: 14 Points: 313 took: 137 0.000133991
Rank: 29 Points: 312 took: 132 0.000128984
Rank: 25 Points: 312 took: 132 0.000129938
Rank: 27 Points: 312 took: 163 0.000159979
Rank: 13 Points: 313 took: 136 0.000134945
Rank: 1 Points: 313 took: 132 0.000130177
Rank: 23 Points: 312 took: 141 0.000138044
Rank: 8 Points: 313 took: 151 0.000149012
Rank: 15 Points: 313 took: 146 0.000144005
Rank: 12 Points: 313 took: 141 0.000137806
Rank: 16 Points: 312 took: 146 0.000149012
Rank: 24 Points: 312 took: 141 0.000137806
Rank: 6 Points: 313 took: 132 0.000129938
Rank: 10 Points: 313 took: 145 0.000142813
Rank: 2 Points: 313 took: 122 0.000118971
Rank: 21 Points: 312 took: 157 0.000153065
Rank: 29 generate center took: 443182 0.457812
Rank: 29 k-means took: 5 5.96046e-06
Rank: 25 generate center took: 449631 0.457851
Rank: 25 k-means took: 6 5.96046e-06
Rank: 27 generate center took: 440306 0.457651
Rank: 5 generate center took: 447068 0.457845
Rank: 5 k-means took: 7 5.96046e-06
Rank: 13 generate center took: 443066 0.457685
Rank: 21 generate center took: 425741 0.437368
Rank: 21 k-means took: 6 5.96046e-06
Rank: 1 generate center took: 452626 0.457805
Rank: 1 k-means took: 6 6.91414e-06
Rank: 31 generate center took: 446362 0.457809
Rank: 31 k-means took: 5 5.00679e-06
Rank: 23 generate center took: 447248 0.457727
Rank: 23 k-means took: 7 6.91414e-06
Rank: 19 generate center took: 448039 0.457833
Rank: 19 k-means took: 4 4.76837e-06
Rank: 15 generate center took: 448748 0.457765
Rank: 15 k-means took: 6 6.91414e-06
Rank: 11 generate center took: 448851 0.457974
Rank: 11 k-means took: 5 5.00679e-06
Rank: 9 generate center took: 449017 0.457921
Rank: 9 k-means took: 5 5.96046e-06
Rank: 17 generate center took: 448520 0.45792
Rank: 17 k-means took: 6 5.00679e-06
Rank: 3 generate center took: 450610 0.457862
Rank: 3 k-means took: 5 5.00679e-06
Rank: 27 k-means took: 8 6.91414e-06
Rank: 13 k-means took: 5 5.00679e-06
Rank: 0 generate center took: 461385 0.46896
Rank: 0 k-means took: 1 1.19209e-06
Rank: 7 generate center took: 460104 0.468769
Rank: 7 k-means took: 7 7.15256e-06
Rank: 16 generate center took: 466185 0.468743
Rank: 16 k-means took: 6 5.96046e-06
Rank: 20 generate center took: 459563 0.468964
Rank: 20 k-means took: 6 5.96046e-06
Rank: 4 generate center took: 464372 0.469032
Rank: 4 k-means took: 6 5.00679e-06
Rank: 12 generate center took: 457807 0.468771
Rank: 12 k-means took: 7 6.91414e-06
Rank: 24 generate center took: 463372 0.468665
Rank: 24 k-means took: 6 5.96046e-06
Rank: 8 generate center took: 460815 0.468719
Rank: 8 k-means took: 7 6.91414e-06
Rank: 28 generate center took: 457168 0.468967
Rank: 28 k-means took: 5 5.00679e-06
Rank: 18 generate center took: 463841 0.476888
Rank: 18 k-means took: 7 7.15256e-06
Rank: 2 generate center took: 460115 0.469907
Rank: 2 k-means took: 4 5.00679e-06
Rank: 26 generate center took: 468679 0.476907
Rank: 26 k-means took: 6 5.96046e-06
Rank: 10 generate center took: 451067 0.487706
Rank: 6 generate center took: 478133 0.489857
Rank: 10 k-means took: 7 6.91414e-06
Rank: 6 k-means took: 7 7.15256e-06
Rank: 22 generate center took: 477223 0.490789
Rank: 22 k-means took: 6 5.96046e-06
Rank: 14 generate center took: 481807 0.490618
Rank: 14 k-means took: 7 6.91414e-06
Rank: 30 generate center took: 478262 0.49073
Rank: 30 k-means took: 6 6.91414e-06
Rank: 0 k-means took: 37078 0.0376709
Rank: 19 k-means took: 48425 0.0487199
Rank: 7 k-means took: 37380 0.037601
Rank: 14 k-means took: 15715 0.0158908
Rank: 15 k-means took: 48416 0.0487261
Rank: 16 k-means took: 37335 0.037554
Rank: 11 k-means took: 48439 0.0486181
Rank: 30 k-means took: 15704 0.015883
Rank: 18 k-means took: 29495 0.029743
Rank: 9 k-means took: 48434 0.0487192
Rank: 17 k-means took: 48361 0.0486069
Rank: 22 k-means took: 15700 0.0158761
Rank: 10 k-means took: 15629 0.0157259
Rank: 4 k-means took: 37413 0.037668
Rank: 28 k-means took: 37396 0.0376809
Rank: 20 k-means took: 37394 0.0376761
Rank: 2 k-means took: 29483 0.0297501
Rank: 26 k-means took: 29505 0.0297549
Rank: 29 k-means took: 48291 0.0486062
Rank: 25 k-means took: 48443 0.0487208
Rank: 27 k-means took: 46902 0.0485618
Rank: 6 k-means took: 15626 0.0157349
Rank: 5 k-means took: 48364 0.048712
Rank: 13 k-means took: 48323 0.048568
Rank: 21 k-means took: 48386 0.0487158
Rank: 1 k-means took: 48414 0.048702
Rank: 31 k-means took: 48427 0.048722
Rank: 23 k-means took: 48391 0.0487208
Rank: 8 k-means took: 37456 0.0376799
Rank: 12 k-means took: 37379 0.037674
Rank: 24 k-means took: 37413 0.0376809
Rank: 3 k-means took: 48496 0.0487151
Rank: 0 localizing took: 41180 0.067549 with size: 410
Rank: 1 localizing took: 49198 0.072552 with size: 268
Rank: 3 localizing took: 85707 0.099915 with size: 431
Rank: 2 localizing took: 88906 0.0999842 with size: 215
Rank: 4 localizing took: 95703 0.111162 with size: 202
Rank: 5 localizing took: 107509 0.127168 with size: 269
Rank: 7 localizing took: 135156 0.153132 with size: 454
Rank: 6 localizing took: 141659 0.153183 with size: 194
Rank: 8 localizing took: 141708 0.164121 with size: 229
Rank: 9 localizing took: 147100 0.178473 with size: 473
Rank: 10 localizing took: 134945 0.188963 with size: 389
Rank: 11 localizing took: 179877 0.198024 with size: 439
Rank: 12 localizing took: 173669 0.206415 with size: 512
Rank: 13 localizing took: 191423 0.225505 with size: 123
Rank: 14 localizing took: 213428 0.244318 with size: 148
Rank: 15 localizing took: 220488 0.246955 with size: 429
Rank: 16 localizing took: 228209 0.266916 with size: 239
Rank: 17 localizing took: 245374 0.272027 with size: 407
Rank: 19 localizing took: 248959 0.279441 with size: 467
Rank: 18 localizing took: 254019 0.279432 with size: 194
Rank: 20 localizing took: 255045 0.285246 with size: 129
Rank: 21 localizing took: 262075 0.299062 with size: 163
Rank: 23 localizing took: 293948 0.320933 with size: 290
Rank: 22 localizing took: 285478 0.320955 with size: 548
Rank: 24 localizing took: 295010 0.325908 with size: 540
Rank: 25 localizing took: 299227 0.33231 with size: 399
Rank: 27 localizing took: 302813 0.338659 with size: 154
Rank: 26 localizing took: 306256 0.338812 with size: 417
Rank: 31 localizing took: 311513 0.345769 with size: 191
Rank: 28 localizing took: 313240 0.345718 with size: 202
Rank: 30 localizing took: 314159 0.345766 with size: 264
Rank: 29 localizing took: 303663 0.345752 with size: 211
Large variance
Rank: 0 simulation took: 53840101 54.1575 Iterated: 22
Large variance
Large variance
Rank: 5 simulation took: 53845293 54.0979 Iterated: 22
Large variance
Large variance
Rank: 21 simulation took: 53680685 53.926 Iterated: 22
Large variance
Rank: 3 simulation took: 53986198 54.1251 Iterated: 22
Large variance
Rank: 1 simulation took: 53940832 54.1525 Iterated: 22
Large variance
Rank: 31 simulation took: 53670909 53.8792 Iterated: 22
Large variance
Rank: 23 simulation took: 53671029 53.9041 Iterated: 22
Large variance
Rank: 8 simulation took: 53748102 54.0609 Iterated: 22
Large variance
Rank: 19 simulation took: 53730924 53.9455 Iterated: 22
Large variance
Large variance
Rank: 14 simulation took: 53780599 53.9807 Iterated: 22
Large variance
Rank: 15 simulation took: 53731490 53.9781 Iterated: 22
Large variance
Rank: 12 simulation took: 53742480 54.0186 Iterated: 22
Large variance
Rank: 16 simulation took: 53719168 53.9581 Iterated: 22
Large variance
Rank: 11 simulation took: 53784823 54.027 Iterated: 22
Large variance
Rank: 30 simulation took: 53642579 53.8793 Iterated: 22
Large variance
Rank: 18 simulation took: 53738096 53.9456 Iterated: 22
Large variance
Rank: 9 simulation took: 53811796 54.0466 Iterated: 22
Large variance
Rank: 17 simulation took: 53704023 53.953 Iterated: 22
Large variance
Rank: 22 simulation took: 53640116 53.9041 Iterated: 22
Large variance
Large variance
Rank: 4 simulation took: 53892087 54.1139 Iterated: 22
Large variance
Rank: 28 simulation took: 53670793 53.8793 Iterated: 22
Large variance
Rank: 20 simulation took: 53731470 53.9399 Iterated: 22
Large variance
Rank: 2 simulation took: 53784227 54.1251 Iterated: 22
Large variance
Rank: 26 simulation took: 53638905 53.8862 Iterated: 22
Large variance
Rank: 29 simulation took: 53496074 53.8793 Iterated: 22
Large variance
Rank: 24 simulation took: 53637650 53.8991 Iterated: 22
Large variance
Rank: 25 simulation took: 53688415 53.8927 Iterated: 22
Large variance
Rank: 27 simulation took: 53621960 53.8863 Iterated: 22
Rank: 6 simulation took: 53630353 54.0717 Iterated: 22
Rank: 13 simulation took: 53718919 53.9993 Iterated: 22
Rank: 7 simulation took: 53819640 54.0718 Iterated: 22
Rank: 10 simulation took: 53594407 54.036 Iterated: 22
