rm solution debug -f
mpicxx -O3 -fopenmp solution.cc -o solution -std=c++20
Rank: 0 Points: 63 took: 70 6.81877e-05
Rank: 12 Points: 62 took: 61 5.88894e-05
Rank: 6 Points: 63 took: 66 6.38962e-05
Rank: 10 Points: 62 took: 59 5.79357e-05
Rank: 11 Points: 62 took: 76 7.29561e-05
Rank: 7 Points: 63 took: 70 6.81877e-05
Rank: 14 Points: 62 took: 69 6.60419e-05
Rank: 13 Points: 62 took: 70 6.81877e-05
Rank: 2 Points: 63 took: 66 6.41346e-05
Rank: 15 Points: 62 took: 68 6.50883e-05
Rank: 3 Points: 63 took: 73 8.01086e-05
Rank: 8 Points: 62 took: 69 6.81877e-05
Rank: 4 Points: 63 took: 63 6.19888e-05
Rank: 1 Points: 63 took: 71 6.91414e-05
Rank: 5 Points: 63 took: 85 8.2016e-05
Rank: 9 Points: 62 took: 78 7.51019e-05
Rank: 4 k-means took: 223766 0.229261
Rank: 3 k-means took: 225870 0.229354
Rank: 6 k-means took: 223813 0.230199
Rank: 5 k-means took: 223201 0.227617
Rank: 0 k-means took: 231568 0.241739
Rank: 1 k-means took: 232388 0.239755
Rank: 2 k-means took: 238882 0.241733
Rank: 12 k-means took: 237525 0.244446
Rank: 14 k-means took: 240392 0.244356
Rank: 11 k-means took: 239501 0.244406
Rank: 13 k-means took: 241905 0.244296
Rank: 7 k-means took: 241164 0.245067
Rank: 8 k-means took: 242831 0.244347
Rank: 15 k-means took: 237596 0.245009
Rank: 10 k-means took: 240834 0.245153
Rank: 9 k-means took: 227955 0.230404
0 with size 75
1 with size 45
2 with size 63
3 with size 65
6 with size 67
5 with size 41
4 with size 73
7 with size 54
12 with size 101
9 with size 55
11 with size 13
8 with size 42
14 with size 49
13 with size 71
10 with size 79
15 with size 107
[spartan-bm053:19739:0:19739] Caught signal 11 (Segmentation fault: address not mapped to object at address 0x47)
[spartan-bm027:292162:0:292162] Caught signal 11 (Segmentation fault: address not mapped to object at address 0x2a)
[spartan-bm044:103136:0:103136] Caught signal 11 (Segmentation fault: address not mapped to object at address 0x4f)
[spartan-bm054:248957:0:248957] Caught signal 11 (Segmentation fault: address not mapped to object at address 0x31)
[spartan-bm013:211189:0:211189] Caught signal 11 (Segmentation fault: address not mapped to object at address 0x29)
[spartan-bm042:189707:0:189707] Caught signal 11 (Segmentation fault: address not mapped to object at address 0x37)
[spartan-bm006:130124:0:130124] Caught signal 11 (Segmentation fault: address not mapped to object at address 0x3f)
[spartan-bm049:192740:0:192740] Caught signal 11 (Segmentation fault: address not mapped to object at address 0x65)
[spartan-bm010:104834:0:104834] Caught signal 11 (Segmentation fault: address not mapped to object at address 0x49)
[spartan-bm045:172467:0:172467] Caught signal 11 (Segmentation fault: address not mapped to object at address 0xd)
[spartan-bm025:302128:0:302128] Caught signal 11 (Segmentation fault: address not mapped to object at address 0x36)
[spartan-bm057:80883:0:80883] Caught signal 11 (Segmentation fault: address not mapped to object at address 0x6b)
[spartan-bm007:51308:0:51308] Caught signal 11 (Segmentation fault: address not mapped to object at address 0x41)
[spartan-bm004:217623:0:217623] Caught signal 11 (Segmentation fault: address not mapped to object at address 0x2d)
[spartan-bm024:91711:0:91711] Caught signal 11 (Segmentation fault: address not mapped to object at address 0x43)
==== backtrace (tid: 103136) ====
 0 0x0000000000054df0 __GI___sigaction()  :0
 1 0x000000000040efe8 get_variance()  ???:0
 2 0x000000000040c606 main()  ???:0
 3 0x000000000003feb0 __libc_start_call_main()  ???:0
 4 0x000000000003ff60 __libc_start_main_alias_2()  :0
 5 0x000000000040d015 _start()  ???:0
=================================
[spartan-bm044:103136] *** Process received signal ***
[spartan-bm044:103136] Signal: Segmentation fault (11)
[spartan-bm044:103136] Signal code:  (-6)
[spartan-bm044:103136] Failing at address: 0x3f1d000192e0
[spartan-bm044:103136] [ 0] /lib64/libc.so.6(+0x54df0)[0x14c3e3254df0]
[spartan-bm044:103136] [ 1] solution[0x40efe8]
[spartan-bm044:103136] [ 2] solution[0x40c606]
[spartan-bm044:103136] [ 3] /lib64/libc.so.6(+0x3feb0)[0x14c3e323feb0]
[spartan-bm044:103136] [ 4] /lib64/libc.so.6(__libc_start_main+0x80)[0x14c3e323ff60]
[spartan-bm044:103136] ==== backtrace (tid: 292162) ====
[ 5]  0 0x0000000000054df0 __GI___sigaction()  :0
solution[0x40d015]
 1 0x000000000040efe8 get_variance()  ???:0
[spartan-bm044:103136] *** End of error message ***
 2 0x000000000040c606 main()  ???:0
 3 0x000000000003feb0 __libc_start_call_main()  ???:0
 4 0x000000000003ff60 __libc_start_main_alias_2()  :0
 5 0x000000000040d015 _start()  ???:0
=================================
[spartan-bm027:292162] *** Process received signal ***
[spartan-bm027:292162] Signal: Segmentation fault (11)
[spartan-bm027:292162] Signal code:  (-6)
[spartan-bm027:292162] Failing at address: 0x3f1d00047542
[spartan-bm027:292162] [ 0] /lib64/libc.so.6(+0x54df0)[0x147182e54df0]
[spartan-bm027:292162] [ 1] solution[0x40efe8]
[spartan-bm027:292162] [ 2] solution[0x40c606]
[spartan-bm027:292162] [ 3] /lib64/libc.so.6(+0x3feb0)[0x147182e3feb0]
[spartan-bm027:292162] [ 4] /lib64/libc.so.6(__libc_start_main+0x80)[0x147182e3ff60]
[spartan-bm027:292162] [ 5] solution[0x40d015]
[spartan-bm027:292162] *** End of error message ***
==== backtrace (tid: 172467) ====
 0 0x0000000000054df0 __GI___sigaction()  :0
 1 0x000000000040efe8 get_variance()  ???:0
 2 0x000000000040c606 main()  ???:0
 3 0x000000000003feb0 __libc_start_call_main()  ???:0
 4 0x000000000003ff60 __libc_start_main_alias_2()  :0
 5 0x000000000040d015 _start()  ???:0
=================================
[spartan-bm045:172467] *** Process received signal ***
[spartan-bm045:172467] Signal: Segmentation fault (11)
[spartan-bm045:172467] Signal code:  (-6)
[spartan-bm045:172467] Failing at address: 0x3f1d0002a1b3
==== backtrace (tid: 130124) ====
 0 0x0000000000054df0 __GI___sigaction()  :0
[spartan-bm045:172467]  1 0x000000000040efe8 get_variance()  ???:0
 2 0x000000000040c606 main()  ???:0
[ 0]  3 0x000000000003feb0 __libc_start_call_main()  ???:0
/lib64/libc.so.6(+0x54df0)[0x14b371454df0]
 4 0x000000000003ff60 __libc_start_main_alias_2()  :0
[spartan-bm045:172467]  5 0x000000000040d015 _start()  ???:0
[ 1] solution[0x40efe8]
=================================
[spartan-bm045:172467] [ 2] solution[0x40c606]
[spartan-bm006:130124] *** Process received signal ***
[spartan-bm045:172467] [ 3] [spartan-bm006:130124] Signal: Segmentation fault (11)
[spartan-bm006:130124] Signal code:  (-6)
[spartan-bm006:130124] Failing at address: 0x3f1d0001fc4c
/lib64/libc.so.6(+0x3feb0)[0x14b37143feb0]
[spartan-bm045:172467] [spartan-bm006:130124] [ 0] /lib64/libc.so.6(+0x54df0)[0x14688ac54df0]
[spartan-bm006:130124] [ 1] [ 4] /lib64/libc.so.6(__libc_start_main+0x80)[0x14b37143ff60]
solution[0x40efe8]
[spartan-bm006:130124] [spartan-bm045:172467] [ 5] solution[0x40d015]
[spartan-bm045:172467] *** End of error message ***
[ 2] solution[0x40c606]
[spartan-bm006:130124] [ 3] /lib64/libc.so.6(+0x3feb0)[0x14688ac3feb0]
[spartan-bm006:130124] [ 4] /lib64/libc.so.6(__libc_start_main+0x80)[0x14688ac3ff60]
[spartan-bm006:130124] ==== backtrace (tid: 189707) ====
[ 5] ==== backtrace (tid: 302128) ====
solution[0x40d015]
 0 0x0000000000054df0 __GI___sigaction()  :0
[spartan-bm006:130124] *** End of error message ***
 1 0x000000000040efe8 get_variance()  ???:0
 2 0x000000000040c606 main()  ???:0
 3 0x000000000003feb0 __libc_start_call_main()  ???:0
 4 0x000000000003ff60 __libc_start_main_alias_2()  :0
 5 0x000000000040d015 _start()  ???:0
=================================
[spartan-bm025:302128] *** Process received signal ***
 0 0x0000000000054df0 __GI___sigaction()  :0
 1 0x000000000040efe8 get_variance()  ???:0
 2 0x000000000040c606 main()  ???:0
[spartan-bm025:302128] Signal: Segmentation fault (11)
[spartan-bm025:302128] Signal code:  (-6)
[spartan-bm025:302128] Failing at address: 0x3f1d00049c30
 3 0x000000000003feb0 __libc_start_call_main()  ???:0
 4 0x000000000003ff60 __libc_start_main_alias_2()  :0
 5 0x000000000040d015 _start()  ???:0
=================================
==== backtrace (tid:  51308) ====
 0 0x0000000000054df0 __GI___sigaction()  :0
[spartan-bm042:189707] *** Process received signal ***
[spartan-bm042:189707] Signal: Segmentation fault (11)
[spartan-bm042:189707] Signal code:  (-6)
[spartan-bm042:189707] Failing at address: 0x3f1d0002e50b
 1 0x000000000040efe8 get_variance()  ???:0
[spartan-bm042:189707]  2 0x000000000040c606 main()  ???:0
 3 0x000000000003feb0 __libc_start_call_main()  ???:0
[ 0] /lib64/libc.so.6(+0x54df0)[0x150cce454df0]
[spartan-bm042:189707]  4 0x000000000003ff60 __libc_start_main_alias_2()  :0
[ 1] solution[0x40efe8]
==== backtrace (tid:  80883) ====
 5 0x000000000040d015 _start()  ???:0
[spartan-bm042:189707] [ 2] =================================
solution[0x40c606]
[spartan-bm042:189707]  0 0x0000000000054df0 __GI___sigaction()  :0
[ 3] /lib64/libc.so.6(+0x3feb0)[0x150cce43feb0]
 1 0x000000000040efe8 get_variance()  ???:0
[spartan-bm007:51308] *** Process received signal ***
[spartan-bm042:189707] [spartan-bm007:51308] Signal: Segmentation fault (11)
[spartan-bm007:51308] Signal code:  (-6)
[spartan-bm007:51308] Failing at address: 0x3f1d0000c86c
[ 4] /lib64/libc.so.6(__libc_start_main+0x80)[0x150cce43ff60]
[spartan-bm042:189707] [ 5] solution[0x40d015]
[spartan-bm042:189707] *** End of error message ***
[spartan-bm007:51308] [spartan-bm025:302128] [ 0] [ 0] /lib64/libc.so.6(+0x54df0)[0x1552f5254df0]
 2 0x000000000040c606 main()  ???:0
 3 0x000000000003feb0 __libc_start_call_main()  ???:0
/lib64/libc.so.6(+0x54df0)[0x153a44654df0]
 4 0x000000000003ff60 __libc_start_main_alias_2()  :0
[spartan-bm025:302128]  5 0x000000000040d015 _start()  ???:0
[spartan-bm007:51308] =================================
[ 1] [spartan-bm057:80883] *** Process received signal ***
[spartan-bm057:80883] Signal: Segmentation fault (11)
[spartan-bm057:80883] Signal code:  (-6)
[spartan-bm057:80883] Failing at address: 0x3f1d00013bf3
[ 1] solution[0x40efe8]
solution[0x40efe8]
[spartan-bm007:51308] [spartan-bm025:302128] [ 2] [ 2] solution[0x40c606]
[spartan-bm057:80883] solution[0x40c606]
[spartan-bm007:51308] [ 3] [spartan-bm025:302128] /lib64/libc.so.6(+0x3feb0)[0x1552f523feb0]
[ 3] [ 0] /lib64/libc.so.6(+0x3feb0)[0x153a4463feb0]
/lib64/libc.so.6(+0x54df0)[0x154f34a54df0]
[spartan-bm025:302128] [spartan-bm007:51308] [ 4] [ 4] /lib64/libc.so.6(__libc_start_main+0x80)[0x1552f523ff60]
/lib64/libc.so.6(__libc_start_main+0x80)[0x153a4463ff60]
[spartan-bm007:51308] [spartan-bm025:302128] [ 5] solution[0x40d015]
[ 5] [spartan-bm007:51308] *** End of error message ***
solution[0x40d015]
[spartan-bm057:80883] [spartan-bm025:302128] *** End of error message ***
[ 1] solution[0x40efe8]
[spartan-bm057:80883] [ 2] ==== backtrace (tid:  91711) ====
solution[0x40c606]
[spartan-bm057:80883] [ 3] /lib64/libc.so.6(+0x3feb0)[0x154f34a3feb0]
[spartan-bm057:80883] [ 4] /lib64/libc.so.6(__libc_start_main+0x80)[0x154f34a3ff60]
[spartan-bm057:80883] [ 5] solution[0x40d015]
[spartan-bm057:80883] *** End of error message ***
 0 0x0000000000054df0 __GI___sigaction()  :0
 1 0x000000000040efe8 get_variance()  ???:0
 2 0x000000000040c606 main()  ???:0
 3 0x000000000003feb0 __libc_start_call_main()  ???:0
 4 0x000000000003ff60 __libc_start_main_alias_2()  :0
 5 0x000000000040d015 _start()  ???:0
=================================
[spartan-bm024:91711] *** Process received signal ***
[spartan-bm024:91711] Signal: Segmentation fault (11)
[spartan-bm024:91711] Signal code:  (-6)
[spartan-bm024:91711] Failing at address: 0x3f1d0001663f
[spartan-bm024:91711] [ 0] /lib64/libc.so.6(+0x54df0)[0x14a64ec54df0]
[spartan-bm024:91711] [ 1] solution[0x40efe8]
[spartan-bm024:91711] [ 2] solution[0x40c606]
[spartan-bm024:91711] [ 3] /lib64/libc.so.6(+0x3feb0)[0x14a64ec3feb0]
[spartan-bm024:91711] [ 4] /lib64/libc.so.6(__libc_start_main+0x80)[0x14a64ec3ff60]
[spartan-bm024:91711] [ 5] solution[0x40d015]
[spartan-bm024:91711] *** End of error message ***
==== backtrace (tid:  19739) ====
 0 0x0000000000054df0 __GI___sigaction()  :0
 1 0x000000000040efe8 get_variance()  ???:0
 2 0x000000000040c606 main()  ???:0
 3 0x000000000003feb0 __libc_start_call_main()  ???:0
 4 0x000000000003ff60 __libc_start_main_alias_2()  :0
 5 0x000000000040d015 _start()  ???:0
=================================
[spartan-bm053:19739] *** Process received signal ***
[spartan-bm053:19739] Signal: Segmentation fault (11)
[spartan-bm053:19739] Signal code:  (-6)
[spartan-bm053:19739] Failing at address: 0x3f1d00004d1b
[spartan-bm053:19739] [ 0] /lib64/libc.so.6(+0x54df0)[0x154fe5254df0]
[spartan-bm053:19739] [ 1] solution[0x40efe8]
[spartan-bm053:19739] [ 2] solution[0x40c606]
[spartan-bm053:19739] [ 3] /lib64/libc.so.6(+0x3feb0)[0x154fe523feb0]
[spartan-bm053:19739] [ 4] /lib64/libc.so.6(__libc_start_main+0x80)[0x154fe523ff60]
[spartan-bm053:19739] [ 5] solution[0x40d015]
[spartan-bm053:19739] *** End of error message ***
==== backtrace (tid: 217623) ====
 0 0x0000000000054df0 __GI___sigaction()  :0
 1 0x000000000040efe8 get_variance()  ???:0
 2 0x000000000040c606 main()  ???:0
 3 0x000000000003feb0 __libc_start_call_main()  ???:0
 4 0x000000000003ff60 __libc_start_main_alias_2()  :0
 5 0x000000000040d015 _start()  ???:0
=================================
[spartan-bm004:217623] *** Process received signal ***
[spartan-bm004:217623] Signal: Segmentation fault (11)
[spartan-bm004:217623] Signal code:  (-6)
[spartan-bm004:217623] Failing at address: 0x3f1d00035217
[spartan-bm004:217623] [ 0] /lib64/libc.so.6(+0x54df0)[0x14fae0654df0]
[spartan-bm004:217623] [ 1] solution[0x40efe8]
[spartan-bm004:217623] [ 2] solution[0x40c606]
[spartan-bm004:217623] [ 3] /lib64/libc.so.6(+0x3feb0)[0x14fae063feb0]
[spartan-bm004:217623] [ 4] /lib64/libc.so.6(__libc_start_main+0x80)[0x14fae063ff60]
[spartan-bm004:217623] [ 5] solution[0x40d015]
[spartan-bm004:217623] *** End of error message ***
==== backtrace (tid: 192740) ====
 0 0x0000000000054df0 __GI___sigaction()  :0
 1 0x000000000040efe8 get_variance()  ???:0
 2 0x000000000040c606 main()  ???:0
 3 0x000000000003feb0 __libc_start_call_main()  ???:0
 4 0x000000000003ff60 __libc_start_main_alias_2()  :0
 5 0x000000000040d015 _start()  ???:0
=================================
[spartan-bm049:192740] *** Process received signal ***
[spartan-bm049:192740] Signal: Segmentation fault (11)
[spartan-bm049:192740] Signal code:  (-6)
[spartan-bm049:192740] Failing at address: 0x3f1d0002f0e4
[spartan-bm049:192740] [ 0] /lib64/libc.so.6(+0x54df0)[0x1510c7854df0]
[spartan-bm049:192740] [ 1] solution[0x40efe8]
[spartan-bm049:192740] [ 2] solution[0x40c606]
[spartan-bm049:192740] [ 3] /lib64/libc.so.6(+0x3feb0)[0x1510c783feb0]
[spartan-bm049:192740] [ 4] /lib64/libc.so.6(__libc_start_main+0x80)[0x1510c783ff60]
[spartan-bm049:192740] [ 5] solution[0x40d015]
[spartan-bm049:192740] *** End of error message ***
==== backtrace (tid: 211189) ====
 0 0x0000000000054df0 __GI___sigaction()  :0
 1 0x000000000040efe8 get_variance()  ???:0
 2 0x000000000040c606 main()  ???:0
 3 0x000000000003feb0 __libc_start_call_main()  ???:0
 4 0x000000000003ff60 __libc_start_main_alias_2()  :0
 5 0x000000000040d015 _start()  ???:0
=================================
[spartan-bm013:211189] *** Process received signal ***
[spartan-bm013:211189] Signal: Segmentation fault (11)
[spartan-bm013:211189] Signal code:  (-6)
[spartan-bm013:211189] Failing at address: 0x3f1d000338f5
[spartan-bm013:211189] [ 0] /lib64/libc.so.6(+0x54df0)[0x149f89c54df0]
[spartan-bm013:211189] [ 1] solution[0x40efe8]
[spartan-bm013:211189] [ 2] solution[0x40c606]
[spartan-bm013:211189] [ 3] /lib64/libc.so.6(+0x3feb0)[0x149f89c3feb0]
[spartan-bm013:211189] [ 4] /lib64/libc.so.6(__libc_start_main+0x80)[0x149f89c3ff60]
[spartan-bm013:211189] [ 5] solution[0x40d015]
[spartan-bm013:211189] *** End of error message ***
==== backtrace (tid: 104834) ====
 0 0x0000000000054df0 __GI___sigaction()  :0
 1 0x000000000040efe8 get_variance()  ???:0
 2 0x000000000040c606 main()  ???:0
 3 0x000000000003feb0 __libc_start_call_main()  ???:0
 4 0x000000000003ff60 __libc_start_main_alias_2()  :0
 5 0x000000000040d015 _start()  ???:0
=================================
[spartan-bm010:104834] *** Process received signal ***
[spartan-bm010:104834] Signal: Segmentation fault (11)
[spartan-bm010:104834] Signal code:  (-6)
[spartan-bm010:104834] Failing at address: 0x3f1d00019982
[spartan-bm010:104834] [ 0] /lib64/libc.so.6(+0x54df0)[0x14fda2854df0]
[spartan-bm010:104834] [ 1] solution[0x40efe8]
[spartan-bm010:104834] [ 2] solution[0x40c606]
[spartan-bm010:104834] [ 3] /lib64/libc.so.6(+0x3feb0)[0x14fda283feb0]
[spartan-bm010:104834] [ 4] /lib64/libc.so.6(__libc_start_main+0x80)[0x14fda283ff60]
[spartan-bm010:104834] [ 5] solution[0x40d015]
[spartan-bm010:104834] *** End of error message ***
==== backtrace (tid: 248957) ====
 0 0x0000000000054df0 __GI___sigaction()  :0
 1 0x000000000040efe8 get_variance()  ???:0
 2 0x000000000040c606 main()  ???:0
 3 0x000000000003feb0 __libc_start_call_main()  ???:0
 4 0x000000000003ff60 __libc_start_main_alias_2()  :0
 5 0x000000000040d015 _start()  ???:0
=================================
[spartan-bm054:248957] *** Process received signal ***
[spartan-bm054:248957] Signal: Segmentation fault (11)
[spartan-bm054:248957] Signal code:  (-6)
[spartan-bm054:248957] Failing at address: 0x3f1d0003cc7d
[spartan-bm054:248957] [ 0] /lib64/libc.so.6(+0x54df0)[0x151da6454df0]
[spartan-bm054:248957] [ 1] solution[0x40efe8]
[spartan-bm054:248957] [ 2] solution[0x40c606]
[spartan-bm054:248957] [ 3] /lib64/libc.so.6(+0x3feb0)[0x151da643feb0]
[spartan-bm054:248957] [ 4] /lib64/libc.so.6(__libc_start_main+0x80)[0x151da643ff60]
[spartan-bm054:248957] [ 5] solution[0x40d015]
[spartan-bm054:248957] *** End of error message ***
--------------------------------------------------------------------------
Primary job  terminated normally, but 1 process returned
a non-zero exit code. Per user-direction, the job has been aborted.
--------------------------------------------------------------------------
--------------------------------------------------------------------------
mpirun noticed that process rank 10 with PID 103136 on node spartan-bm044 exited on signal 11 (Segmentation fault).
--------------------------------------------------------------------------
15 total processes killed (some possibly by mpirun during cleanup)
