rm solution debug -f
mpicxx -O3 solution.cc -o solution -std=c++20
32 cores
spartan-bm022.hpc.unimelb.edu.au:rank4.solution: Failed to modify UD QP to INIT on mlx5_bond_0: Invalid argument
spartan-bm019.hpc.unimelb.edu.au:rank3.solution: Failed to modify UD QP to INIT on mlx5_bond_0: Invalid argument
spartan-bm039.hpc.unimelb.edu.au:rank7.solution: Failed to modify UD QP to INIT on mlx5_bond_0: Invalid argument
spartan-bm005.hpc.unimelb.edu.au:rank0.solution: Failed to modify UD QP to INIT on mlx5_bond_0: Invalid argument
spartan-bm022.hpc.unimelb.edu.au:rank4.solution: Failed to modify UD QP to INIT on mlx5_bond_0: Invalid argument
spartan-bm029.hpc.unimelb.edu.au:rank6.solution: Failed to modify UD QP to INIT on mlx5_bond_0: Invalid argument
spartan-bm019.hpc.unimelb.edu.au:rank3.solution: Failed to modify UD QP to INIT on mlx5_bond_0: Invalid argument
spartan-bm010.hpc.unimelb.edu.au:rank1.solution: Failed to modify UD QP to INIT on mlx5_bond_0: Invalid argument
spartan-bm039.hpc.unimelb.edu.au:rank7.solution: Failed to modify UD QP to INIT on mlx5_bond_0: Invalid argument
spartan-bm022.hpc.unimelb.edu.au:rank4.solution: Failed to modify UD QP to INIT on mlx5_bond_0: Invalid argument
spartan-bm019.hpc.unimelb.edu.au:rank3.solution: Failed to modify UD QP to INIT on mlx5_bond_0: Invalid argument
spartan-bm005.hpc.unimelb.edu.au:rank0.solution: Failed to modify UD QP to INIT on mlx5_bond_0: Invalid argument
spartan-bm029.hpc.unimelb.edu.au:rank6.solution: Failed to modify UD QP to INIT on mlx5_bond_0: Invalid argument
spartan-bm023.hpc.unimelb.edu.au:rank5.solution: Failed to modify UD QP to INIT on mlx5_bond_0: Invalid argument
spartan-bm016.hpc.unimelb.edu.au:rank2.solution: Failed to modify UD QP to INIT on mlx5_bond_0: Invalid argument
spartan-bm010.hpc.unimelb.edu.au:rank1.solution: Failed to modify UD QP to INIT on mlx5_bond_0: Invalid argument
spartan-bm039.hpc.unimelb.edu.au:rank7.solution: Failed to modify UD QP to INIT on mlx5_bond_0: Invalid argument
spartan-bm005.hpc.unimelb.edu.au:rank0.solution: Failed to modify UD QP to INIT on mlx5_bond_0: Invalid argument
spartan-bm029.hpc.unimelb.edu.au:rank6.solution: Failed to modify UD QP to INIT on mlx5_bond_0: Invalid argument
spartan-bm010.hpc.unimelb.edu.au:rank1.solution: Failed to modify UD QP to INIT on mlx5_bond_0: Invalid argument
spartan-bm023.hpc.unimelb.edu.au:rank5.solution: Failed to modify UD QP to INIT on mlx5_bond_0: Invalid argument
spartan-bm016.hpc.unimelb.edu.au:rank2.solution: Failed to modify UD QP to INIT on mlx5_bond_0: Invalid argument
spartan-bm023.hpc.unimelb.edu.au:rank5.solution: Failed to modify UD QP to INIT on mlx5_bond_0: Invalid argument
spartan-bm016.hpc.unimelb.edu.au:rank2.solution: Failed to modify UD QP to INIT on mlx5_bond_0: Invalid argument
Rank: 0 Points: 313 took: 130 0.000128031
Rank: 5 Points: 313 took: 122 0.000119925
Rank: 6 Points: 313 took: 120 0.000117064
Rank: 30 Points: 312 took: 130 0.000128984
Rank: 31 Points: 312 took: 145 0.000143051
Rank: 22 Points: 312 took: 128 0.000126123
Rank: 4 Points: 313 took: 123 0.000120878
Rank: 27 Points: 312 took: 129 0.000128031
Rank: 24 Points: 312 took: 124 0.000125885
Rank: 18 Points: 312 took: 133 0.000129938
Rank: 26 Points: 312 took: 127 0.000124931
Rank: 20 Points: 312 took: 120 0.000118017
Rank: 29 Points: 312 took: 132 0.000129938
Rank: 2 Points: 313 took: 122 0.000119925
Rank: 21 Points: 312 took: 136 0.000133991
Rank: 17 Points: 312 took: 146 0.000143051
Rank: 28 Points: 312 took: 131 0.000129938
Rank: 23 Points: 312 took: 136 0.000133038
Rank: 19 Points: 312 took: 145 0.000147104
Rank: 14 Points: 313 took: 126 0.000123978
Rank: 16 Points: 312 took: 133 0.00013113
Rank: 9 Points: 313 took: 126 0.000123978
Rank: 3 Points: 313 took: 120 0.000117064
Rank: 8 Points: 313 took: 127 0.000126123
Rank: 7 Points: 313 took: 119 0.000117064
Rank: 11 Points: 313 took: 141 0.000138998
Rank: 12 Points: 313 took: 139 0.000136852
Rank: 1 Points: 313 took: 130 0.000128031
Rank: 10 Points: 313 took: 134 0.000132084
Rank: 13 Points: 313 took: 126 0.000123978
Rank: 15 Points: 313 took: 131 0.000128031
Rank: 25 Points: 312 took: 127 0.00012517
Rank: 11 generate center took: 427855 0.434454
Rank: 3 generate center took: 429232 0.434534
Rank: 15 generate center took: 423202 0.433546
Rank: 1 generate center took: 431157 0.434356
Rank: 5 generate center took: 426291 0.435381
Rank: 31 generate center took: 423645 0.43517
Rank: 27 generate center took: 426882 0.435188
Rank: 21 generate center took: 426720 0.435159
Rank: 19 generate center took: 422403 0.43504
Rank: 17 generate center took: 419994 0.435157
Rank: 13 generate center took: 424497 0.433819
Rank: 9 generate center took: 428797 0.434543
Rank: 25 generate center took: 416441 0.426343
Rank: 23 generate center took: 417764 0.435083
Rank: 29 generate center took: 426570 0.435251
Rank: 0 generate center took: 438792 0.44431
Rank: 7 generate center took: 433476 0.443433
Rank: 4 generate center took: 436413 0.444348
Rank: 12 generate center took: 434994 0.443416
Rank: 24 generate center took: 439956 0.444421
Rank: 8 generate center took: 438035 0.443649
Rank: 20 generate center took: 436051 0.4443
Rank: 28 generate center took: 431107 0.444203
Rank: 16 generate center took: 441429 0.443791
Rank: 26 generate center took: 438188 0.445992
Rank: 2 generate center took: 442383 0.445952
Rank: 18 generate center took: 420603 0.445991
Rank: 10 generate center took: 443680 0.453967
Rank: 6 generate center took: 447515 0.455046
Rank: 30 generate center took: 446441 0.455025
Rank: 22 generate center took: 442532 0.455027
Rank: 14 generate center took: 447397 0.454488
Rank: 0 k-means took: 23719 0.024065
Rank: 11 k-means took: 33005 0.0331979
Rank: 26 k-means took: 22255 0.022414
Rank: 1 k-means took: 32890 0.0331769
Rank: 19 k-means took: 32881 0.0331781
Rank: 7 k-means took: 23893 0.024013
Rank: 4 k-means took: 23936 0.0240769
Rank: 14 k-means took: 13294 0.0134561
Rank: 23 k-means took: 32875 0.03319
Rank: 17 k-means took: 32891 0.0331719
Rank: 24 k-means took: 23863 0.0240738
Rank: 5 k-means took: 32985 0.0331841
Rank: 30 k-means took: 13300 0.013448
Rank: 22 k-means took: 13252 0.013438
Rank: 16 k-means took: 23782 0.024065
Rank: 13 k-means took: 33047 0.0332081
Rank: 31 k-means took: 32844 0.033076
Rank: 27 k-means took: 32976 0.0331919
Rank: 3 k-means took: 32965 0.0331881
Rank: 18 k-means took: 22153 0.0223932
Rank: 12 k-means took: 23822 0.0240722
Rank: 9 k-means took: 32941 0.0331891
Rank: 25 k-means took: 32935 0.0331941
Rank: 29 k-means took: 32924 0.033185
Rank: 6 k-means took: 13350 0.0134542
Rank: 28 k-means took: 23866 0.0240741
Rank: 21 k-means took: 32948 0.03319
Rank: 10 k-means took: 13280 0.013433
Rank: 15 k-means took: 32901 0.033191
Rank: 2 k-means took: 22144 0.022387
Rank: 20 k-means took: 23729 0.0240669
Rank: 8 k-means took: 23850 0.024081
Rank: 0 localizing took: 30884 0.0693278 with size: 297
Rank: 1 localizing took: 49767 0.0692961 with size: 280
Rank: 2 localizing took: 62925 0.081852 with size: 260
Rank: 3 localizing took: 75233 0.099999 with size: 348
Rank: 4 localizing took: 92419 0.110837 with size: 339
Rank: 5 localizing took: 102442 0.124778 with size: 295
Rank: 6 localizing took: 119479 0.142484 with size: 314
Rank: 7 localizing took: 121477 0.149261 with size: 251
Rank: 8 localizing took: 146411 0.159668 with size: 309
Rank: 9 localizing took: 149895 0.164729 with size: 301
Rank: 10 localizing took: 148220 0.171773 with size: 251
Rank: 11 localizing took: 149729 0.17836 with size: 264
Rank: 12 localizing took: 150126 0.184585 with size: 311
Rank: 13 localizing took: 161746 0.190819 with size: 231
Rank: 14 localizing took: 157874 0.197292 with size: 291
Rank: 15 localizing took: 166206 0.206267 with size: 296
Rank: 16 localizing took: 198218 0.22059 with size: 205
Rank: 17 localizing took: 199791 0.227964 with size: 313
Rank: 18 localizing took: 188818 0.239938 with size: 487
Rank: 19 localizing took: 204477 0.23992 with size: 338
Rank: 20 localizing took: 218404 0.245369 with size: 259
Rank: 21 localizing took: 218972 0.251575 with size: 272
Rank: 22 localizing took: 225134 0.258188 with size: 258
Rank: 23 localizing took: 223571 0.258179 with size: 557
Rank: 24 localizing took: 231666 0.262598 with size: 331
Rank: 25 localizing took: 234622 0.262614 with size: 310
Rank: 26 localizing took: 234456 0.264397 with size: 318
Rank: 27 localizing took: 237015 0.264374 with size: 284
Rank: 31 localizing took: 228802 0.270488 with size: 580
Rank: 28 localizing took: 239741 0.270547 with size: 295
Rank: 30 localizing took: 238567 0.270571 with size: 313
Rank: 29 localizing took: 236688 0.270559 with size: 242
Rank: 0 simulation took: 126233665 126.766 Iterated: 44
Rank: 27 simulation took: 126084837 126.57 Iterated: 44
Rank: 24 simulation took: 126075244 126.572 Iterated: 44
Rank: 18 simulation took: 125794650 126.595 Iterated: 44
Rank: 14 simulation took: 126051568 126.638 Iterated: 44
Rank: 26 simulation took: 126049075 126.57 Iterated: 44
Rank: 3 simulation took: 126206057 126.735 Iterated: 44
Rank: 21 simulation took: 126021485 126.583 Iterated: 44
Rank: 15 simulation took: 125955257 126.629 Iterated: 44
Rank: 1 simulation took: 126265913 126.766 Iterated: 44
Rank: 25 simulation took: 125826412 126.572 Iterated: 44
Rank: 19 simulation took: 126012153 126.595 Iterated: 44
Rank: 28 simulation took: 126008625 126.564 Iterated: 44
Rank: 8 simulation took: 126052467 126.675 Iterated: 44
Rank: 20 simulation took: 125961326 126.589 Iterated: 44
Rank: 12 simulation took: 126150160 126.65 Iterated: 44
Rank: 23 simulation took: 125846126 126.577 Iterated: 44
Rank: 5 simulation took: 125998358 126.71 Iterated: 44
Rank: 30 simulation took: 126081490 126.564 Iterated: 44
Rank: 29 simulation took: 126023005 126.564 Iterated: 44
Rank: 17 simulation took: 126013576 126.607 Iterated: 44
Rank: 6 simulation took: 126191119 126.692 Iterated: 44
Rank: 11 simulation took: 126186366 126.657 Iterated: 44
Rank: 10 simulation took: 126203362 126.663 Iterated: 44
Rank: 31 simulation took: 125552482 126.564 Iterated: 44
Rank: 13 simulation took: 126085657 126.644 Iterated: 44
Rank: 2 simulation took: 126163825 126.753 Iterated: 44
Rank: 22 simulation took: 126025388 126.577 Iterated: 44
Rank: 7 simulation took: 126062000 126.685 Iterated: 44
Rank: 9 simulation took: 126182028 126.67 Iterated: 44
Rank: 4 simulation took: 126125551 126.724 Iterated: 44
Rank: 16 simulation took: 125996970 126.614 Iterated: 44
