rm solution debug -f
mpicxx -O3 solution.cc -o solution -std=c++20
2 cores
spartan-bm004.hpc.unimelb.edu.au:rank0.solution: Failed to modify UD QP to INIT on mlx5_bond_0: Invalid argument
spartan-bm006.hpc.unimelb.edu.au:rank1.solution: Failed to modify UD QP to INIT on mlx5_bond_0: Invalid argument
spartan-bm004.hpc.unimelb.edu.au:rank0.solution: Failed to modify UD QP to INIT on mlx5_bond_0: Invalid argument
spartan-bm006.hpc.unimelb.edu.au:rank1.solution: Failed to modify UD QP to INIT on mlx5_bond_0: Invalid argument
spartan-bm004.hpc.unimelb.edu.au:rank0.solution: Failed to modify UD QP to INIT on mlx5_bond_0: Invalid argument
spartan-bm006.hpc.unimelb.edu.au:rank1.solution: Failed to modify UD QP to INIT on mlx5_bond_0: Invalid argument
Rank: 0 Points: 5000 took: 1234 0.00124979
Rank: 1 Points: 5000 took: 1244 0.00124502
Rank: 0 generate center took: 19493 0.0209811
Rank: 1 generate center took: 20893 0.0210929
Rank: 0 k-means took: 4514 0.00466895
Rank: 1 k-means took: 4543 0.00466609
Rank: 0 localizing took: 315 0.000378132 with size: 5048
Rank: 1 localizing took: 309 0.000406027 with size: 4952
Rank: 0 simulation took: 369420210 371.489 Iterated: 44
Rank: 1 simulation took: 369684570 371.489 Iterated: 44
4 cores
spartan-bm013.hpc.unimelb.edu.au:rank2.solution: Failed to modify UD QP to INIT on mlx5_bond_0: Invalid argument
spartan-bm006.hpc.unimelb.edu.au:rank1.solution: Failed to modify UD QP to INIT on mlx5_bond_0: Invalid argument
spartan-bm004.hpc.unimelb.edu.au:rank0.solution: Failed to modify UD QP to INIT on mlx5_bond_0: Invalid argument
spartan-bm013.hpc.unimelb.edu.au:rank2.solution: Failed to modify UD QP to INIT on mlx5_bond_0: Invalid argument
spartan-bm006.hpc.unimelb.edu.au:rank1.solution: Failed to modify UD QP to INIT on mlx5_bond_0: Invalid argument
spartan-bm004.hpc.unimelb.edu.au:rank0.solution: Failed to modify UD QP to INIT on mlx5_bond_0: Invalid argument
spartan-bm013.hpc.unimelb.edu.au:rank2.solution: Failed to modify UD QP to INIT on mlx5_bond_0: Invalid argument
spartan-bm006.hpc.unimelb.edu.au:rank1.solution: Failed to modify UD QP to INIT on mlx5_bond_0: Invalid argument
spartan-bm018.hpc.unimelb.edu.au:rank3.solution: Failed to modify UD QP to INIT on mlx5_bond_0: Invalid argument
spartan-bm004.hpc.unimelb.edu.au:rank0.solution: Failed to modify UD QP to INIT on mlx5_bond_0: Invalid argument
spartan-bm018.hpc.unimelb.edu.au:rank3.solution: Failed to modify UD QP to INIT on mlx5_bond_0: Invalid argument
spartan-bm018.hpc.unimelb.edu.au:rank3.solution: Failed to modify UD QP to INIT on mlx5_bond_0: Invalid argument
Rank: 0 Points: 2500 took: 648 0.00065279
Rank: 2 Points: 2500 took: 640 0.000638008
Rank: 1 Points: 2500 took: 646 0.000648975
Rank: 3 Points: 2500 took: 684 0.000681877
Rank: 0 generate center took: 34569 0.0379019
Rank: 1 generate center took: 36495 0.037889
Rank: 3 generate center took: 31765 0.0360551
Rank: 2 generate center took: 37556 0.037889
Rank: 0 k-means took: 4426 0.00466681
Rank: 3 k-means took: 4449 0.00460005
Rank: 1 k-means took: 4465 0.00459194
Rank: 2 k-means took: 4489 0.00467706
Rank: 0 localizing took: 8942 0.0110581 with size: 2572
Rank: 1 localizing took: 10933 0.0110321 with size: 2518
Rank: 3 localizing took: 9783 0.0111079 with size: 2504
Rank: 2 localizing took: 9771 0.0110412 with size: 2406
Rank: 0 simulation took: 210716669 211.884 Iterated: 43
Rank: 1 simulation took: 210824778 211.884 Iterated: 43
Rank: 3 simulation took: 210922424 211.884 Iterated: 43
Rank: 2 simulation took: 210656561 211.884 Iterated: 43
8 cores
Rank: 5 Points: 1250 took: 367 0.000366926
Rank: 7 Points: 1250 took: 376 0.00037384
Rank: 2 Points: 1250 took: 378 0.000379086
Rank: 3 Points: 1250 took: 387 0.000388861
Rank: 1 Points: 1250 took: 387 0.000386
Rank: 0 Points: 1250 took: 364 0.000365973
Rank: 4 Points: 1250 took: 397 0.000400066
Rank: 6 Points: 1250 took: 416 0.000412941
Rank: 0 generate center took: 142704 0.149607
Rank: 5 generate center took: 145071 0.151202
Rank: 7 generate center took: 147674 0.151116
Rank: 6 generate center took: 143347 0.148802
Rank: 2 generate center took: 147214 0.151098
Rank: 3 generate center took: 145784 0.151034
Rank: 4 generate center took: 145494 0.149367
Rank: 1 generate center took: 147808 0.151015
Rank: 0 k-means took: 8928 0.0091629
Rank: 6 k-means took: 9013 0.00906181
Rank: 2 k-means took: 9010 0.009161
Rank: 3 k-means took: 9021 0.00916409
Rank: 1 k-means took: 9006 0.00916195
Rank: 5 k-means took: 9032 0.0091598
Rank: 7 k-means took: 9017 0.00917411
Rank: 4 k-means took: 8965 0.00916791
Rank: 0 localizing took: 9081 0.011147 with size: 1249
Rank: 1 localizing took: 11021 0.011132 with size: 1345
Rank: 2 localizing took: 15698 0.015908 with size: 1199
Rank: 4 localizing took: 16133 0.0173461 with size: 1211
Rank: 7 localizing took: 16633 0.0174389 with size: 1198
Rank: 6 localizing took: 14198 0.0173681 with size: 1134
Rank: 3 localizing took: 17271 0.017406 with size: 1301
Rank: 5 localizing took: 15992 0.0174069 with size: 1363
Rank: 0 simulation took: 146222572 147.01 Iterated: 43
Rank: 7 simulation took: 146367901 147.004 Iterated: 43
Rank: 3 simulation took: 146293667 147.004 Iterated: 43
Rank: 6 simulation took: 145350069 147.003 Iterated: 43
Rank: 4 simulation took: 146078582 147.004 Iterated: 43
Rank: 1 simulation took: 146306431 147.01 Iterated: 43
Rank: 2 simulation took: 146307955 147.005 Iterated: 43
Rank: 5 simulation took: 146351713 147.004 Iterated: 43
16 cores
Rank: 5 Points: 625 took: 200 0.000198841
Rank: 1 Points: 625 took: 224 0.000221968
Rank: 2 Points: 625 took: 215 0.000212193
Rank: 8 Points: 625 took: 228 0.000230074
Rank: 3 Points: 625 took: 215 0.000212908
Rank: 15 Points: 625 took: 205 0.000204086
Rank: 7 Points: 625 took: 216 0.0002141
Rank: 14 Points: 625 took: 221 0.000218868
Rank: 12 Points: 625 took: 225 0.000222921
Rank: 13 Points: 625 took: 211 0.000213861
Rank: 10 Points: 625 took: 210 0.000207901
Rank: 9 Points: 625 took: 231 0.000231028
Rank: 11 Points: 625 took: 225 0.000228167
Rank: 0 Points: 625 took: 202 0.000200033
Rank: 4 Points: 625 took: 216 0.00022006
Rank: 6 Points: 625 took: 218 0.000225067
Rank: 0 generate center took: 259557 0.263622
Rank: 9 generate center took: 261983 0.264313
Rank: 8 generate center took: 260585 0.265308
Rank: 6 generate center took: 249735 0.255525
Rank: 14 generate center took: 259720 0.2651
Rank: 5 generate center took: 262757 0.265412
Rank: 4 generate center took: 254242 0.258616
Rank: 10 generate center took: 260120 0.264857
Rank: 2 generate center took: 262657 0.265203
Rank: 3 generate center took: 257506 0.265275
Rank: 15 generate center took: 257626 0.265288
Rank: 11 generate center took: 258015 0.26421
Rank: 1 generate center took: 262627 0.265359
Rank: 13 generate center took: 262125 0.26492
Rank: 7 generate center took: 260867 0.265258
Rank: 12 generate center took: 258533 0.265169
Rank: 0 k-means took: 6066 0.00634384
Rank: 6 k-means took: 6214 0.00634599
Rank: 14 k-means took: 5999 0.00621009
Rank: 9 k-means took: 6293 0.00636506
Rank: 1 k-means took: 6173 0.00633502
Rank: 5 k-means took: 6228 0.0063498
Rank: 2 k-means took: 6194 0.00621414
Rank: 8 k-means took: 6206 0.00634503
Rank: 3 k-means took: 6205 0.00634909
Rank: 4 k-means took: 6180 0.00634909
Rank: 10 k-means took: 6213 0.00634909
Rank: 7 k-means took: 6223 0.00635219
Rank: 15 k-means took: 6211 0.00635123
Rank: 13 k-means took: 6199 0.00634408
Rank: 12 k-means took: 6180 0.00633597
Rank: 11 k-means took: 6155 0.00633883
Rank: 0 localizing took: 28098 0.034709 with size: 871
Rank: 1 localizing took: 31521 0.041472 with size: 571
Rank: 2 localizing took: 39438 0.0462711 with size: 555
Rank: 3 localizing took: 46790 0.053231 with size: 597
Rank: 4 localizing took: 56139 0.0602 with size: 561
Rank: 5 localizing took: 64613 0.0694869 with size: 641
Rank: 6 localizing took: 64992 0.071667 with size: 633
Rank: 7 localizing took: 66662 0.0716541 with size: 576
Rank: 9 localizing took: 67220 0.072325 with size: 637
Rank: 8 localizing took: 63855 0.0723839 with size: 581
Rank: 10 localizing took: 69269 0.0801201 with size: 635
Rank: 15 localizing took: 69972 0.0801752 with size: 576
Rank: 14 localizing took: 70421 0.0801079 with size: 616
Rank: 12 localizing took: 69625 0.0801451 with size: 637
Rank: 11 localizing took: 71193 0.0800922 with size: 674
Rank: 13 localizing took: 70803 0.0801589 with size: 639
Rank: 0 simulation took: 300837144 302.548 Iterated: 44
Rank: 10 simulation took: 301313339 302.503 Iterated: 44
Rank: 7 simulation took: 301199565 302.511 Iterated: 44
Rank: 15 simulation took: 300780562 302.503 Iterated: 44
Rank: 13 simulation took: 300933023 302.503 Iterated: 44
Rank: 6 simulation took: 300001658 302.511 Iterated: 44
Rank: 12 simulation took: 301196072 302.503 Iterated: 44
Rank: 14 simulation took: 300999588 302.503 Iterated: 44
Rank: 11 simulation took: 301116544 302.503 Iterated: 44
Rank: 1 simulation took: 301190698 302.541 Iterated: 44
Rank: 5 simulation took: 301256317 302.513 Iterated: 44
Rank: 2 simulation took: 301258537 302.536 Iterated: 44
Rank: 8 simulation took: 301288771 302.51 Iterated: 44
Rank: 3 simulation took: 301244575 302.53 Iterated: 44
Rank: 4 simulation took: 300680050 302.523 Iterated: 44
Rank: 9 simulation took: 301797794 302.51 Iterated: 44
