rm solution debug -f
mpicxx -O3 solution.cc -o solution -std=c++20
2 cores
Rank: 0 Points: 5000 took: 1364 0.00136685
Rank: 1 Points: 5000 took: 1381 0.00139403
Rank: 0 generate center took: 23061 0.0248559
Rank: 0 k-means took: 0 1.19209e-06
Rank: 1 generate center took: 21891 0.024204
Rank: 1 k-means took: 3 3.09944e-06
Rank: 0 k-means took: 1180 0.00132895
Rank: 1 k-means took: 1207 0.00132012
Rank: 0 localizing took: 2411 0.00247002 with size: 5509
Rank: 1 localizing took: 2496 0.00256991 with size: 4491
slurmstepd: error: *** JOB 52498816 ON spartan-bm091 CANCELLED AT 2023-10-15T17:24:24 DUE TO TIME LIMIT ***
--------------------------------------------------------------------------
ORTE has lost communication with a remote daemon.

  HNP daemon   : [[22642,0],0] on node spartan-bm091
  Remote daemon: [[22642,0],14] on node spartan-bm120

This is usually due to either a failure of the TCP network
connection to the node, or possibly an internal failure of
the daemon itself. We cannot recover from this failure, and
therefore will terminate the job.
--------------------------------------------------------------------------
