rm solution debug -f
mpicxx -O3 solution.cc -o solution -std=c++20
16 cores
Rank: 11 Points: 625 took: 203 0.000202179
Rank: 9 Points: 625 took: 210 0.0002141
Rank: 12 Points: 625 took: 224 0.000221968
Rank: 6 Points: 625 took: 213 0.000211
Rank: 13 Points: 625 took: 204 0.000201941
Rank: 10 Points: 625 took: 228 0.000227928
Rank: 14 Points: 625 took: 214 0.000216007
Rank: 15 Points: 625 took: 204 0.000203133
Rank: 2 Points: 625 took: 203 0.00020504
Rank: 1 Points: 625 took: 202 0.000200987
Rank: 7 Points: 625 took: 217 0.000219107
Rank: 8 Points: 625 took: 225 0.000221968
Rank: 0 Points: 625 took: 213 0.000219107
Rank: 4 Points: 625 took: 211 0.000221014
Rank: 3 Points: 625 took: 258 0.000272036
Rank: 5 Points: 625 took: 209 0.000210047
Rank: 0 generate center took: 250400 0.256255
Rank: 12 generate center took: 251051 0.257999
Rank: 15 generate center took: 250744 0.257788
Rank: 1 generate center took: 254856 0.257232
Rank: 13 generate center took: 252298 0.257969
Rank: 6 generate center took: 252556 0.257953
Rank: 2 generate center took: 255108 0.257294
Rank: 10 generate center took: 254989 0.257984
Rank: 3 generate center took: 240007 0.24771
Rank: 14 generate center took: 251655 0.257922
Rank: 7 generate center took: 249511 0.256862
Rank: 4 generate center took: 243830 0.248522
Rank: 8 generate center took: 250081 0.256981
Rank: 5 generate center took: 241596 0.246314
Rank: 11 generate center took: 250088 0.258062
Rank: 9 generate center took: 249799 0.258106
Rank: 0 k-means took: 5926 0.0062139
Rank: 15 k-means took: 6113 0.00622416
Rank: 2 k-means took: 6101 0.006212
Rank: 7 k-means took: 6010 0.00608397
Rank: 12 k-means took: 6088 0.006212
Rank: 4 k-means took: 6048 0.0062139
Rank: 10 k-means took: 6060 0.006212
Rank: 11 k-means took: 6078 0.00621915
Rank: 9 k-means took: 6044 0.00620222
Rank: 14 k-means took: 6046 0.0062058
Rank: 1 k-means took: 6137 0.00622416
Rank: 3 k-means took: 6029 0.00621295
Rank: 5 k-means took: 6055 0.0062139
Rank: 6 k-means took: 6073 0.00621891
Rank: 13 k-means took: 6081 0.00621414
Rank: 8 k-means took: 6059 0.006212
Rank: 0 localizing took: 43112 0.047441 with size: 871
Rank: 1 localizing took: 35653 0.0479999 with size: 571
Rank: 2 localizing took: 41776 0.0546632 with size: 555
Rank: 3 localizing took: 59957 0.060488 with size: 597
Rank: 4 localizing took: 63959 0.0663328 with size: 561
Rank: 7 localizing took: 54776 0.0675681 with size: 576
Rank: 5 localizing took: 57849 0.067595 with size: 641
Rank: 6 localizing took: 57934 0.067621 with size: 633
Rank: 9 localizing took: 66985 0.073966 with size: 637
Rank: 8 localizing took: 63995 0.074059 with size: 581
Rank: 11 localizing took: 80384 0.087682 with size: 674
Rank: 12 localizing took: 79680 0.087708 with size: 637
Rank: 14 localizing took: 81387 0.087723 with size: 616
Rank: 13 localizing took: 79923 0.087719 with size: 639
Rank: 10 localizing took: 78975 0.0877471 with size: 635
Rank: 15 localizing took: 76772 0.087743 with size: 576
Rank: 0 simulation took: 252227923 253.601 Iterated: 44
Rank: 8 simulation took: 252320123 253.575 Iterated: 44
Rank: 14 simulation took: 252019527 253.561 Iterated: 44
Rank: 15 simulation took: 252537162 253.561 Iterated: 44
Rank: 5 simulation took: 252364169 253.581 Iterated: 44
Rank: 1 simulation took: 252637135 253.601 Iterated: 44
Rank: 4 simulation took: 252339297 253.583 Iterated: 44
Rank: 3 simulation took: 252348435 253.588 Iterated: 44
Rank: 2 simulation took: 252751079 253.594 Iterated: 44
Rank: 9 simulation took: 252406309 253.575 Iterated: 44
Rank: 10 simulation took: 252312721 253.561 Iterated: 44
Rank: 7 simulation took: 252025197 253.581 Iterated: 44
Rank: 11 simulation took: 251859759 253.561 Iterated: 44
Rank: 12 simulation took: 252475613 253.561 Iterated: 44
Rank: 6 simulation took: 252579897 253.581 Iterated: 44
Rank: 13 simulation took: 252438344 253.561 Iterated: 44
